{
  "C:/Users/Doug/dev/cicd/ui/src/assets/theme.tsx": {
    "path": "C:/Users/Doug/dev/cicd/ui/src/assets/theme.tsx",
    "statementMap": {
      "0": {
        "start": {
          "line": 2,
          "column": 14
        },
        "end": {
          "line": 8,
          "column": 2
        }
      }
    },
    "fnMap": {},
    "branchMap": {},
    "s": {
      "0": 2
    },
    "f": {},
    "b": {},
    "inputSourceMap": {
      "version": 3,
      "mappings": "AAAA,SAASA,mBAAmB;AAE5B,MAAMC,QAAQD,YAAY;AAAA,EACxBE,SAAS;AAAA,IACPC,SAAS;AAAA,MACPC,MAAM;AAAA,IACR;AAAA,EACF;AACF,CAAC;AAED,eAAeH",
      "names": [
        "createTheme",
        "theme",
        "palette",
        "primary",
        "main"
      ],
      "sources": [
        "C:/Users/Doug/dev/cicd/ui/src/assets/theme.tsx"
      ],
      "file": "C:/Users/Doug/dev/cicd/ui/src/assets/theme.tsx"
    },
    "_coverageSchema": "1a1c01bbd47fc00a2c39e90264f33305004495a9",
    "hash": "3ae024fe3d11ceaae70f71af9ede9173664bdc27"
  },
  "C:/Users/Doug/dev/cicd/ui/src/store/reducers/CounterReducer/CounterReducer.ts": {
    "path": "C:/Users/Doug/dev/cicd/ui/src/store/reducers/CounterReducer/CounterReducer.ts",
    "statementMap": {
      "0": {
        "start": {
          "line": 2,
          "column": 21
        },
        "end": {
          "line": 4,
          "column": 1
        }
      },
      "1": {
        "start": {
          "line": 5,
          "column": 28
        },
        "end": {
          "line": 19,
          "column": 2
        }
      },
      "2": {
        "start": {
          "line": 10,
          "column": 6
        },
        "end": {
          "line": 10,
          "column": 23
        }
      },
      "3": {
        "start": {
          "line": 13,
          "column": 6
        },
        "end": {
          "line": 13,
          "column": 23
        }
      },
      "4": {
        "start": {
          "line": 16,
          "column": 6
        },
        "end": {
          "line": 16,
          "column": 36
        }
      },
      "5": {
        "start": {
          "line": 20,
          "column": 59
        },
        "end": {
          "line": 20,
          "column": 79
        }
      },
      "6": {
        "start": {
          "line": 21,
          "column": 27
        },
        "end": {
          "line": 21,
          "column": 57
        }
      },
      "7": {
        "start": {
          "line": 21,
          "column": 38
        },
        "end": {
          "line": 21,
          "column": 57
        }
      }
    },
    "fnMap": {
      "0": {
        "name": "(anonymous_0)",
        "decl": {
          "start": {
            "line": 9,
            "column": 15
          },
          "end": {
            "line": 9,
            "column": 16
          }
        },
        "loc": {
          "start": {
            "line": 9,
            "column": 26
          },
          "end": {
            "line": 11,
            "column": 5
          }
        },
        "line": 9
      },
      "1": {
        "name": "(anonymous_1)",
        "decl": {
          "start": {
            "line": 12,
            "column": 15
          },
          "end": {
            "line": 12,
            "column": 16
          }
        },
        "loc": {
          "start": {
            "line": 12,
            "column": 26
          },
          "end": {
            "line": 14,
            "column": 5
          }
        },
        "line": 12
      },
      "2": {
        "name": "(anonymous_2)",
        "decl": {
          "start": {
            "line": 15,
            "column": 23
          },
          "end": {
            "line": 15,
            "column": 24
          }
        },
        "loc": {
          "start": {
            "line": 15,
            "column": 42
          },
          "end": {
            "line": 17,
            "column": 5
          }
        },
        "line": 15
      },
      "3": {
        "name": "(anonymous_3)",
        "decl": {
          "start": {
            "line": 21,
            "column": 27
          },
          "end": {
            "line": 21,
            "column": 28
          }
        },
        "loc": {
          "start": {
            "line": 21,
            "column": 38
          },
          "end": {
            "line": 21,
            "column": 57
          }
        },
        "line": 21
      }
    },
    "branchMap": {},
    "s": {
      "0": 7,
      "1": 7,
      "2": 4,
      "3": 3,
      "4": 2,
      "5": 7,
      "6": 7,
      "7": 0
    },
    "f": {
      "0": 4,
      "1": 3,
      "2": 2,
      "3": 0
    },
    "b": {},
    "inputSourceMap": {
      "version": 3,
      "sources": [
        "C:/Users/Doug/dev/cicd/ui/src/store/reducers/CounterReducer/CounterReducer.ts"
      ],
      "mappings": "AAEA,SAAS,mBAAmB;AAQ5B,MAAM,eAA6B;AAAA,EACjC,OAAO;AACT;AAEO,aAAM,eAAe,YAAY;AAAA,EACtC,MAAM;AAAA,EACN;AAAA,EACA,UAAU;AAAA,IACR,WAAW,CAAC,UAAU;AACpB,YAAM,SAAS;AAAA,IACjB;AAAA,IACA,WAAW,CAAC,UAAU;AACpB,YAAM,SAAS;AAAA,IACjB;AAAA,IACA,mBAAmB,CAAC,OAAO,WAAkC;AAC3D,YAAM,SAAS,OAAO;AAAA,IACxB;AAAA,EACF;AACF,CAAC;AAEM,aAAM,EAAE,WAAW,WAAW,kBAAkB,IAAI,aAAa;AAEjE,aAAM,cAAc,CAAC,UAAqB,MAAM,QAAQ;AAE/D,eAAe,aAAa;",
      "names": []
    },
    "_coverageSchema": "1a1c01bbd47fc00a2c39e90264f33305004495a9",
    "hash": "376173205ae0f48ed460b31b8d7a83787e9a5b07"
  },
  "C:/Users/Doug/dev/cicd/ui/src/store/store.ts": {
    "path": "C:/Users/Doug/dev/cicd/ui/src/store/store.ts",
    "statementMap": {
      "0": {
        "start": {
          "line": 3,
          "column": 20
        },
        "end": {
          "line": 5,
          "column": 2
        }
      },
      "1": {
        "start": {
          "line": 6,
          "column": 26
        },
        "end": {
          "line": 11,
          "column": 1
        }
      },
      "2": {
        "start": {
          "line": 7,
          "column": 2
        },
        "end": {
          "line": 10,
          "column": 5
        }
      },
      "3": {
        "start": {
          "line": 12,
          "column": 21
        },
        "end": {
          "line": 12,
          "column": 33
        }
      }
    },
    "fnMap": {
      "0": {
        "name": "(anonymous_0)",
        "decl": {
          "start": {
            "line": 6,
            "column": 26
          },
          "end": {
            "line": 6,
            "column": 27
          }
        },
        "loc": {
          "start": {
            "line": 6,
            "column": 46
          },
          "end": {
            "line": 11,
            "column": 1
          }
        },
        "line": 6
      }
    },
    "branchMap": {},
    "s": {
      "0": 7,
      "1": 7,
      "2": 21,
      "3": 7
    },
    "f": {
      "0": 21
    },
    "b": {},
    "inputSourceMap": {
      "version": 3,
      "sources": [
        "C:/Users/Doug/dev/cicd/ui/src/store/store.ts"
      ],
      "mappings": "AAEA,SAAS,iBAAiB,sBAAsB;AAEhD,OAAO,oBAAoB;AAE3B,MAAM,cAAc,gBAAgB;AAAA,EAClC,SAAS;AACX,CAAC;AACM,aAAM,aAAa,CAAC,mBAA+C;AACxE,SAAO,eAAe;AAAA,IACpB,SAAS;AAAA,IACT;AAAA,EACF,CAAC;AACH;AAMO,aAAM,QAAQ,WAAW;",
      "names": []
    },
    "_coverageSchema": "1a1c01bbd47fc00a2c39e90264f33305004495a9",
    "hash": "1774c1d6ff2805b71f3525f9a2eb7003a5306c89"
  },
  "C:/Users/Doug/dev/cicd/ui/src/components/Layout/Layout.tsx": {
    "path": "C:/Users/Doug/dev/cicd/ui/src/components/Layout/Layout.tsx",
    "statementMap": {
      "0": {
        "start": {
          "line": 3,
          "column": 20
        },
        "end": {
          "line": 3,
          "column": 97
        }
      },
      "1": {
        "start": {
          "line": 6,
          "column": 0
        },
        "end": {
          "line": 16,
          "column": 1
        }
      },
      "2": {
        "start": {
          "line": 7,
          "column": 2
        },
        "end": {
          "line": 9,
          "column": 3
        }
      },
      "3": {
        "start": {
          "line": 8,
          "column": 4
        },
        "end": {
          "line": 8,
          "column": 165
        }
      },
      "4": {
        "start": {
          "line": 10,
          "column": 2
        },
        "end": {
          "line": 10,
          "column": 39
        }
      },
      "5": {
        "start": {
          "line": 11,
          "column": 2
        },
        "end": {
          "line": 11,
          "column": 39
        }
      },
      "6": {
        "start": {
          "line": 12,
          "column": 2
        },
        "end": {
          "line": 14,
          "column": 4
        }
      },
      "7": {
        "start": {
          "line": 13,
          "column": 4
        },
        "end": {
          "line": 13,
          "column": 102
        }
      },
      "8": {
        "start": {
          "line": 15,
          "column": 2
        },
        "end": {
          "line": 15,
          "column": 75
        }
      },
      "9": {
        "start": {
          "line": 17,
          "column": 9
        },
        "end": {
          "line": 17,
          "column": 23
        }
      },
      "10": {
        "start": {
          "line": 31,
          "column": 20
        },
        "end": {
          "line": 31,
          "column": 23
        }
      },
      "11": {
        "start": {
          "line": 32,
          "column": 15
        },
        "end": {
          "line": 198,
          "column": 1
        }
      },
      "12": {
        "start": {
          "line": 33,
          "column": 2
        },
        "end": {
          "line": 33,
          "column": 7
        }
      },
      "13": {
        "start": {
          "line": 34,
          "column": 23
        },
        "end": {
          "line": 34,
          "column": 28
        }
      },
      "14": {
        "start": {
          "line": 35,
          "column": 19
        },
        "end": {
          "line": 35,
          "column": 32
        }
      },
      "15": {
        "start": {
          "line": 36,
          "column": 19
        },
        "end": {
          "line": 36,
          "column": 32
        }
      },
      "16": {
        "start": {
          "line": 37,
          "column": 2
        },
        "end": {
          "line": 197,
          "column": 11
        }
      },
      "17": {
        "start": {
          "line": 42,
          "column": 33
        },
        "end": {
          "line": 42,
          "column": 56
        }
      },
      "18": {
        "start": {
          "line": 87,
          "column": 18
        },
        "end": {
          "line": 87,
          "column": 32
        }
      },
      "19": {
        "start": {
          "line": 125,
          "column": 18
        },
        "end": {
          "line": 125,
          "column": 36
        }
      },
      "20": {
        "start": {
          "line": 199,
          "column": 0
        },
        "end": {
          "line": 201,
          "column": 3
        }
      },
      "21": {
        "start": {
          "line": 200,
          "column": 2
        },
        "end": {
          "line": 200,
          "column": 36
        }
      },
      "22": {
        "start": {
          "line": 202,
          "column": 0
        },
        "end": {
          "line": 202,
          "column": 12
        }
      },
      "23": {
        "start": {
          "line": 205,
          "column": 0
        },
        "end": {
          "line": 205,
          "column": 27
        }
      },
      "24": {
        "start": {
          "line": 206,
          "column": 0
        },
        "end": {
          "line": 219,
          "column": 1
        }
      },
      "25": {
        "start": {
          "line": 207,
          "column": 2
        },
        "end": {
          "line": 207,
          "column": 39
        }
      },
      "26": {
        "start": {
          "line": 208,
          "column": 2
        },
        "end": {
          "line": 208,
          "column": 39
        }
      },
      "27": {
        "start": {
          "line": 209,
          "column": 2
        },
        "end": {
          "line": 218,
          "column": 5
        }
      },
      "28": {
        "start": {
          "line": 210,
          "column": 4
        },
        "end": {
          "line": 210,
          "column": 128
        }
      },
      "29": {
        "start": {
          "line": 211,
          "column": 4
        },
        "end": {
          "line": 217,
          "column": 7
        }
      },
      "30": {
        "start": {
          "line": 212,
          "column": 6
        },
        "end": {
          "line": 213,
          "column": 15
        }
      },
      "31": {
        "start": {
          "line": 213,
          "column": 8
        },
        "end": {
          "line": 213,
          "column": 15
        }
      },
      "32": {
        "start": {
          "line": 214,
          "column": 32
        },
        "end": {
          "line": 214,
          "column": 115
        }
      },
      "33": {
        "start": {
          "line": 215,
          "column": 6
        },
        "end": {
          "line": 216,
          "column": 54
        }
      },
      "34": {
        "start": {
          "line": 216,
          "column": 8
        },
        "end": {
          "line": 216,
          "column": 54
        }
      }
    },
    "fnMap": {
      "0": {
        "name": "(anonymous_0)",
        "decl": {
          "start": {
            "line": 12,
            "column": 24
          },
          "end": {
            "line": 12,
            "column": 25
          }
        },
        "loc": {
          "start": {
            "line": 12,
            "column": 38
          },
          "end": {
            "line": 14,
            "column": 3
          }
        },
        "line": 12
      },
      "1": {
        "name": "(anonymous_1)",
        "decl": {
          "start": {
            "line": 32,
            "column": 15
          },
          "end": {
            "line": 32,
            "column": 16
          }
        },
        "loc": {
          "start": {
            "line": 32,
            "column": 26
          },
          "end": {
            "line": 198,
            "column": 1
          }
        },
        "line": 32
      },
      "2": {
        "name": "(anonymous_2)",
        "decl": {
          "start": {
            "line": 42,
            "column": 22
          },
          "end": {
            "line": 42,
            "column": 23
          }
        },
        "loc": {
          "start": {
            "line": 42,
            "column": 33
          },
          "end": {
            "line": 42,
            "column": 56
          }
        },
        "line": 42
      },
      "3": {
        "name": "(anonymous_3)",
        "decl": {
          "start": {
            "line": 86,
            "column": 25
          },
          "end": {
            "line": 86,
            "column": 26
          }
        },
        "loc": {
          "start": {
            "line": 86,
            "column": 31
          },
          "end": {
            "line": 88,
            "column": 17
          }
        },
        "line": 86
      },
      "4": {
        "name": "(anonymous_4)",
        "decl": {
          "start": {
            "line": 124,
            "column": 25
          },
          "end": {
            "line": 124,
            "column": 26
          }
        },
        "loc": {
          "start": {
            "line": 124,
            "column": 31
          },
          "end": {
            "line": 126,
            "column": 17
          }
        },
        "line": 124
      },
      "5": {
        "name": "(anonymous_5)",
        "decl": {
          "start": {
            "line": 199,
            "column": 50
          },
          "end": {
            "line": 199,
            "column": 51
          }
        },
        "loc": {
          "start": {
            "line": 199,
            "column": 61
          },
          "end": {
            "line": 201,
            "column": 1
          }
        },
        "line": 199
      },
      "6": {
        "name": "(anonymous_6)",
        "decl": {
          "start": {
            "line": 209,
            "column": 52
          },
          "end": {
            "line": 209,
            "column": 53
          }
        },
        "loc": {
          "start": {
            "line": 209,
            "column": 72
          },
          "end": {
            "line": 218,
            "column": 3
          }
        },
        "line": 209
      },
      "7": {
        "name": "(anonymous_7)",
        "decl": {
          "start": {
            "line": 211,
            "column": 27
          },
          "end": {
            "line": 211,
            "column": 28
          }
        },
        "loc": {
          "start": {
            "line": 211,
            "column": 44
          },
          "end": {
            "line": 217,
            "column": 5
          }
        },
        "line": 211
      }
    },
    "branchMap": {
      "0": {
        "loc": {
          "start": {
            "line": 3,
            "column": 20
          },
          "end": {
            "line": 3,
            "column": 97
          }
        },
        "type": "binary-expr",
        "locations": [
          {
            "start": {
              "line": 3,
              "column": 20
            },
            "end": {
              "line": 3,
              "column": 60
            }
          },
          {
            "start": {
              "line": 3,
              "column": 64
            },
            "end": {
              "line": 3,
              "column": 97
            }
          }
        ],
        "line": 3
      },
      "1": {
        "loc": {
          "start": {
            "line": 6,
            "column": 0
          },
          "end": {
            "line": 16,
            "column": 1
          }
        },
        "type": "if",
        "locations": [
          {
            "start": {
              "line": 6,
              "column": 0
            },
            "end": {
              "line": 16,
              "column": 1
            }
          },
          {
            "start": {},
            "end": {}
          }
        ],
        "line": 6
      },
      "2": {
        "loc": {
          "start": {
            "line": 6,
            "column": 4
          },
          "end": {
            "line": 6,
            "column": 35
          }
        },
        "type": "binary-expr",
        "locations": [
          {
            "start": {
              "line": 6,
              "column": 4
            },
            "end": {
              "line": 6,
              "column": 19
            }
          },
          {
            "start": {
              "line": 6,
              "column": 23
            },
            "end": {
              "line": 6,
              "column": 35
            }
          }
        ],
        "line": 6
      },
      "3": {
        "loc": {
          "start": {
            "line": 7,
            "column": 2
          },
          "end": {
            "line": 9,
            "column": 3
          }
        },
        "type": "if",
        "locations": [
          {
            "start": {
              "line": 7,
              "column": 2
            },
            "end": {
              "line": 9,
              "column": 3
            }
          },
          {
            "start": {},
            "end": {}
          }
        ],
        "line": 7
      },
      "4": {
        "loc": {
          "start": {
            "line": 206,
            "column": 0
          },
          "end": {
            "line": 219,
            "column": 1
          }
        },
        "type": "if",
        "locations": [
          {
            "start": {
              "line": 206,
              "column": 0
            },
            "end": {
              "line": 219,
              "column": 1
            }
          },
          {
            "start": {},
            "end": {}
          }
        ],
        "line": 206
      },
      "5": {
        "loc": {
          "start": {
            "line": 206,
            "column": 4
          },
          "end": {
            "line": 206,
            "column": 35
          }
        },
        "type": "binary-expr",
        "locations": [
          {
            "start": {
              "line": 206,
              "column": 4
            },
            "end": {
              "line": 206,
              "column": 19
            }
          },
          {
            "start": {
              "line": 206,
              "column": 23
            },
            "end": {
              "line": 206,
              "column": 35
            }
          }
        ],
        "line": 206
      },
      "6": {
        "loc": {
          "start": {
            "line": 212,
            "column": 6
          },
          "end": {
            "line": 213,
            "column": 15
          }
        },
        "type": "if",
        "locations": [
          {
            "start": {
              "line": 212,
              "column": 6
            },
            "end": {
              "line": 213,
              "column": 15
            }
          },
          {
            "start": {},
            "end": {}
          }
        ],
        "line": 212
      },
      "7": {
        "loc": {
          "start": {
            "line": 215,
            "column": 6
          },
          "end": {
            "line": 216,
            "column": 54
          }
        },
        "type": "if",
        "locations": [
          {
            "start": {
              "line": 215,
              "column": 6
            },
            "end": {
              "line": 216,
              "column": 54
            }
          },
          {
            "start": {},
            "end": {}
          }
        ],
        "line": 215
      }
    },
    "s": {
      "0": 2,
      "1": 2,
      "2": 2,
      "3": 0,
      "4": 2,
      "5": 2,
      "6": 2,
      "7": 2,
      "8": 2,
      "9": 2,
      "10": 2,
      "11": 2,
      "12": 10,
      "13": 10,
      "14": 8,
      "15": 8,
      "16": 8,
      "17": 8,
      "18": 0,
      "19": 2,
      "20": 2,
      "21": 2,
      "22": 2,
      "23": 2,
      "24": 2,
      "25": 2,
      "26": 2,
      "27": 2,
      "28": 2,
      "29": 2,
      "30": 0,
      "31": 0,
      "32": 0,
      "33": 0,
      "34": 0
    },
    "f": {
      "0": 2,
      "1": 10,
      "2": 8,
      "3": 0,
      "4": 2,
      "5": 2,
      "6": 2,
      "7": 0
    },
    "b": {
      "0": [
        2,
        0
      ],
      "1": [
        2,
        0
      ],
      "2": [
        2,
        2
      ],
      "3": [
        0,
        2
      ],
      "4": [
        2,
        0
      ],
      "5": [
        2,
        2
      ],
      "6": [
        0,
        0
      ],
      "7": [
        0,
        0
      ]
    },
    "inputSourceMap": {
      "version": 3,
      "mappings": "AAuBI,mBAOQ,cAPR;2BAvBJ;AAAoB,MAAEA,cAAmB,6BAAkB;AAAA;AAAA;AAAA;AAAA;AAAA;AAAA;AAAA;AAAA;AAAA;AAAA;AAAA;AAAA;AAAA;AAAA;AAAA;AAE3D,OAAOC,qBAAqB;AAC5B,OAAOC,cAAc;AACrB,OAAOC,YAAY;AACnB,OAAOC,SAAS;AAChB,OAAOC,YAAY;AACnB,OAAOC,UAAU;AACjB,OAAOC,cAAc;AACrB,OAAOC,oBAAoB;AAC3B,OAAOC,kBAAkB;AACzB,OAAOC,kBAAkB;AACzB,OAAOC,aAAa;AACpB,OAAOC,gBAAgB;AAGvB,MAAMC,cAAc;AAEpB,MAAMC,SAASA,CAACC,UAAuB;AAAAC,KAAA;AACrC,QAAM,EAAEC,SAAS,IAAIF;AACrB,QAAMG,WAAWC,YAAY;AAC7B,QAAMC,WAAWpB,YAAY;AAC7B,SACE,mCACE,iCAAC,OAAI,IAAI,EAAEqB,SAAS,OAAO,GACzB;AAAA;AAAA,MAAC;AAAA;AAAA,QACC,UAAS;AAAA,QACT,IAAI,EAAEC,QAAQA,CAACC,UAAUA,MAAMD,OAAOE,SAAS,EAAE;AAAA,QAEjD,iCAAC,WACC,iCAAC,cAAW,SAAQ,MAAK,QAAM,MAAC,WAAU,OAAK,0BAA/C;AAAA;AAAA;AAAA;AAAA,eAEA,KAHF;AAAA;AAAA;AAAA;AAAA,eAIA;AAAA;AAAA,MARF;AAAA;AAAA;AAAA;AAAA;AAAA;AAAA;AAAA;AAAA,IASA;AAAA,IACA;AAAA,MAAC;AAAA;AAAA,QACC,SAAQ;AAAA,QACR,IAAI;AAAA,UACFC,OAAOZ;AAAAA,UACPa,YAAY;AAAA,UACZ,CAAE,oBAAmB,GAAG;AAAA,YACtBD,OAAOZ;AAAAA,YACPc,WAAW;AAAA,UACb;AAAA,QACF;AAAA,QAEA;AAAA,iCAAC,aAAD;AAAA;AAAA;AAAA;AAAA,iBAAQ;AAAA,UACR,uBAAC,OAAI,IAAI,EAAEC,UAAU,OAAO,GAC1B,iCAAC,QACC;AAAA,mCAAC,YAAS,gBAAc,MACtB;AAAA,cAAC;AAAA;AAAA,gBACC,eAAY;AAAA,gBACZ,UAAUV,SAASW,aAAa;AAAA,gBAChC,SAAS,MAAM;AACbT,2BAAS,GAAG;AAAA,gBACd;AAAA,gBAEA;AAAA,yCAAC,gBACC,iCAAC,cAAD;AAAA;AAAA;AAAA;AAAA,yBAAS,KADX;AAAA;AAAA;AAAA;AAAA,yBAEA;AAAA,kBACA,uBAAC,gBAAa,SAAS,UAAvB;AAAA;AAAA;AAAA;AAAA,yBAA8B;AAAA;AAAA;AAAA,cAVhC;AAAA;AAAA;AAAA;AAAA;AAAA;AAAA;AAAA;AAAA,YAWA,KAZF;AAAA;AAAA;AAAA;AAAA,mBAaA;AAAA,YACA,uBAAC,YAAS,gBAAc,MACtB;AAAA,cAAC;AAAA;AAAA,gBACC,eAAY;AAAA,gBACZ,UAAUF,SAASW,aAAa;AAAA,gBAChC,SAAS,MAAM;AACbT,2BAAS,OAAO;AAAA,gBAClB;AAAA,gBAEA;AAAA,yCAAC,gBACC,iCAAC,qBAAD;AAAA;AAAA;AAAA;AAAA,yBAAgB,KADlB;AAAA;AAAA;AAAA;AAAA,yBAEA;AAAA,kBACA,uBAAC,gBAAa,SAAS,UAAvB;AAAA;AAAA;AAAA;AAAA,yBAA8B;AAAA;AAAA;AAAA,cAVhC;AAAA;AAAA;AAAA;AAAA;AAAA;AAAA;AAAA;AAAA,YAWA,KAZF;AAAA;AAAA;AAAA;AAAA,mBAaA;AAAA,eA5BF;AAAA;AAAA;AAAA;AAAA,iBA6BA,KA9BF;AAAA;AAAA;AAAA;AAAA,iBA+BA;AAAA;AAAA;AAAA,MA3CF;AAAA;AAAA;AAAA;AAAA;AAAA;AAAA;AAAA;AAAA,IA4CA;AAAA,IACA,uBAAC,OAAI,WAAU,QAAO,IAAI,EAAEU,UAAU,GAAGC,GAAG,EAAE,GAC5C;AAAA,6BAAC,aAAD;AAAA;AAAA;AAAA;AAAA,aAAQ;AAAA,MACPd;AAAAA,SAFH;AAAA;AAAA;AAAA;AAAA,WAGA;AAAA,OA3DF;AAAA;AAAA;AAAA;AAAA,SA4DA,KA7DF;AAAA;AAAA;AAAA;AAAA,SA8DA;AAEJ;AAAED,GArEIF,QAAM;AAAA,UAEOK,aACAnB,WAAW;AAAA;AAAAgC,KAHxBlB;AAsEN,eAAeA;AAAO,IAAAkB;AAAAC,aAAAD,IAAA",
      "names": [
        "useNavigate",
        "BackupTableIcon",
        "HomeIcon",
        "AppBar",
        "Box",
        "Drawer",
        "List",
        "ListItem",
        "ListItemButton",
        "ListItemIcon",
        "ListItemText",
        "Toolbar",
        "Typography",
        "drawerWidth",
        "Layout",
        "props",
        "_s",
        "children",
        "location",
        "useLocation",
        "navigate",
        "display",
        "zIndex",
        "theme",
        "drawer",
        "width",
        "flexShrink",
        "boxSizing",
        "overflow",
        "pathname",
        "flexGrow",
        "p",
        "_c",
        "$RefreshReg$"
      ],
      "sources": [
        "C:/Users/Doug/dev/cicd/ui/src/components/Layout/Layout.tsx"
      ],
      "file": "C:/Users/Doug/dev/cicd/ui/src/components/Layout/Layout.tsx"
    },
    "_coverageSchema": "1a1c01bbd47fc00a2c39e90264f33305004495a9",
    "hash": "504815cce5417598c10f7d9e04a47a2df344d3af"
  },
  "C:/Users/Doug/dev/cicd/ui/src/hooks/useData/useData.tsx": {
    "path": "C:/Users/Doug/dev/cicd/ui/src/hooks/useData/useData.tsx",
    "statementMap": {
      "0": {
        "start": {
          "line": 2,
          "column": 20
        },
        "end": {
          "line": 2,
          "column": 97
        }
      },
      "1": {
        "start": {
          "line": 5,
          "column": 0
        },
        "end": {
          "line": 15,
          "column": 1
        }
      },
      "2": {
        "start": {
          "line": 6,
          "column": 2
        },
        "end": {
          "line": 8,
          "column": 3
        }
      },
      "3": {
        "start": {
          "line": 7,
          "column": 4
        },
        "end": {
          "line": 7,
          "column": 165
        }
      },
      "4": {
        "start": {
          "line": 9,
          "column": 2
        },
        "end": {
          "line": 9,
          "column": 39
        }
      },
      "5": {
        "start": {
          "line": 10,
          "column": 2
        },
        "end": {
          "line": 10,
          "column": 39
        }
      },
      "6": {
        "start": {
          "line": 11,
          "column": 2
        },
        "end": {
          "line": 13,
          "column": 4
        }
      },
      "7": {
        "start": {
          "line": 12,
          "column": 4
        },
        "end": {
          "line": 12,
          "column": 99
        }
      },
      "8": {
        "start": {
          "line": 14,
          "column": 2
        },
        "end": {
          "line": 14,
          "column": 75
        }
      },
      "9": {
        "start": {
          "line": 16,
          "column": 9
        },
        "end": {
          "line": 16,
          "column": 23
        }
      },
      "10": {
        "start": {
          "line": 18,
          "column": 16
        },
        "end": {
          "line": 33,
          "column": 1
        }
      },
      "11": {
        "start": {
          "line": 19,
          "column": 2
        },
        "end": {
          "line": 19,
          "column": 7
        }
      },
      "12": {
        "start": {
          "line": 20,
          "column": 26
        },
        "end": {
          "line": 20,
          "column": 40
        }
      },
      "13": {
        "start": {
          "line": 21,
          "column": 36
        },
        "end": {
          "line": 21,
          "column": 51
        }
      },
      "14": {
        "start": {
          "line": 22,
          "column": 20
        },
        "end": {
          "line": 28,
          "column": 3
        }
      },
      "15": {
        "start": {
          "line": 23,
          "column": 4
        },
        "end": {
          "line": 23,
          "column": 23
        }
      },
      "16": {
        "start": {
          "line": 24,
          "column": 16
        },
        "end": {
          "line": 24,
          "column": 32
        }
      },
      "17": {
        "start": {
          "line": 25,
          "column": 18
        },
        "end": {
          "line": 25,
          "column": 34
        }
      },
      "18": {
        "start": {
          "line": 26,
          "column": 4
        },
        "end": {
          "line": 26,
          "column": 19
        }
      },
      "19": {
        "start": {
          "line": 27,
          "column": 4
        },
        "end": {
          "line": 27,
          "column": 24
        }
      },
      "20": {
        "start": {
          "line": 29,
          "column": 2
        },
        "end": {
          "line": 31,
          "column": 9
        }
      },
      "21": {
        "start": {
          "line": 30,
          "column": 4
        },
        "end": {
          "line": 30,
          "column": 16
        }
      },
      "22": {
        "start": {
          "line": 32,
          "column": 2
        },
        "end": {
          "line": 32,
          "column": 53
        }
      },
      "23": {
        "start": {
          "line": 34,
          "column": 0
        },
        "end": {
          "line": 34,
          "column": 44
        }
      },
      "24": {
        "start": {
          "line": 36,
          "column": 0
        },
        "end": {
          "line": 49,
          "column": 1
        }
      },
      "25": {
        "start": {
          "line": 37,
          "column": 2
        },
        "end": {
          "line": 37,
          "column": 39
        }
      },
      "26": {
        "start": {
          "line": 38,
          "column": 2
        },
        "end": {
          "line": 38,
          "column": 39
        }
      },
      "27": {
        "start": {
          "line": 39,
          "column": 2
        },
        "end": {
          "line": 48,
          "column": 5
        }
      },
      "28": {
        "start": {
          "line": 40,
          "column": 4
        },
        "end": {
          "line": 40,
          "column": 125
        }
      },
      "29": {
        "start": {
          "line": 41,
          "column": 4
        },
        "end": {
          "line": 47,
          "column": 7
        }
      },
      "30": {
        "start": {
          "line": 42,
          "column": 6
        },
        "end": {
          "line": 43,
          "column": 15
        }
      },
      "31": {
        "start": {
          "line": 43,
          "column": 8
        },
        "end": {
          "line": 43,
          "column": 15
        }
      },
      "32": {
        "start": {
          "line": 44,
          "column": 32
        },
        "end": {
          "line": 44,
          "column": 115
        }
      },
      "33": {
        "start": {
          "line": 45,
          "column": 6
        },
        "end": {
          "line": 46,
          "column": 54
        }
      },
      "34": {
        "start": {
          "line": 46,
          "column": 8
        },
        "end": {
          "line": 46,
          "column": 54
        }
      }
    },
    "fnMap": {
      "0": {
        "name": "(anonymous_0)",
        "decl": {
          "start": {
            "line": 11,
            "column": 24
          },
          "end": {
            "line": 11,
            "column": 25
          }
        },
        "loc": {
          "start": {
            "line": 11,
            "column": 38
          },
          "end": {
            "line": 13,
            "column": 3
          }
        },
        "line": 11
      },
      "1": {
        "name": "(anonymous_1)",
        "decl": {
          "start": {
            "line": 18,
            "column": 16
          },
          "end": {
            "line": 18,
            "column": 17
          }
        },
        "loc": {
          "start": {
            "line": 18,
            "column": 25
          },
          "end": {
            "line": 33,
            "column": 1
          }
        },
        "line": 18
      },
      "2": {
        "name": "(anonymous_2)",
        "decl": {
          "start": {
            "line": 22,
            "column": 20
          },
          "end": {
            "line": 22,
            "column": 21
          }
        },
        "loc": {
          "start": {
            "line": 22,
            "column": 32
          },
          "end": {
            "line": 28,
            "column": 3
          }
        },
        "line": 22
      },
      "3": {
        "name": "(anonymous_3)",
        "decl": {
          "start": {
            "line": 29,
            "column": 12
          },
          "end": {
            "line": 29,
            "column": 13
          }
        },
        "loc": {
          "start": {
            "line": 29,
            "column": 18
          },
          "end": {
            "line": 31,
            "column": 3
          }
        },
        "line": 29
      },
      "4": {
        "name": "(anonymous_4)",
        "decl": {
          "start": {
            "line": 39,
            "column": 52
          },
          "end": {
            "line": 39,
            "column": 53
          }
        },
        "loc": {
          "start": {
            "line": 39,
            "column": 72
          },
          "end": {
            "line": 48,
            "column": 3
          }
        },
        "line": 39
      },
      "5": {
        "name": "(anonymous_5)",
        "decl": {
          "start": {
            "line": 41,
            "column": 27
          },
          "end": {
            "line": 41,
            "column": 28
          }
        },
        "loc": {
          "start": {
            "line": 41,
            "column": 44
          },
          "end": {
            "line": 47,
            "column": 5
          }
        },
        "line": 41
      }
    },
    "branchMap": {
      "0": {
        "loc": {
          "start": {
            "line": 2,
            "column": 20
          },
          "end": {
            "line": 2,
            "column": 97
          }
        },
        "type": "binary-expr",
        "locations": [
          {
            "start": {
              "line": 2,
              "column": 20
            },
            "end": {
              "line": 2,
              "column": 60
            }
          },
          {
            "start": {
              "line": 2,
              "column": 64
            },
            "end": {
              "line": 2,
              "column": 97
            }
          }
        ],
        "line": 2
      },
      "1": {
        "loc": {
          "start": {
            "line": 5,
            "column": 0
          },
          "end": {
            "line": 15,
            "column": 1
          }
        },
        "type": "if",
        "locations": [
          {
            "start": {
              "line": 5,
              "column": 0
            },
            "end": {
              "line": 15,
              "column": 1
            }
          },
          {
            "start": {},
            "end": {}
          }
        ],
        "line": 5
      },
      "2": {
        "loc": {
          "start": {
            "line": 5,
            "column": 4
          },
          "end": {
            "line": 5,
            "column": 35
          }
        },
        "type": "binary-expr",
        "locations": [
          {
            "start": {
              "line": 5,
              "column": 4
            },
            "end": {
              "line": 5,
              "column": 19
            }
          },
          {
            "start": {
              "line": 5,
              "column": 23
            },
            "end": {
              "line": 5,
              "column": 35
            }
          }
        ],
        "line": 5
      },
      "3": {
        "loc": {
          "start": {
            "line": 6,
            "column": 2
          },
          "end": {
            "line": 8,
            "column": 3
          }
        },
        "type": "if",
        "locations": [
          {
            "start": {
              "line": 6,
              "column": 2
            },
            "end": {
              "line": 8,
              "column": 3
            }
          },
          {
            "start": {},
            "end": {}
          }
        ],
        "line": 6
      },
      "4": {
        "loc": {
          "start": {
            "line": 36,
            "column": 0
          },
          "end": {
            "line": 49,
            "column": 1
          }
        },
        "type": "if",
        "locations": [
          {
            "start": {
              "line": 36,
              "column": 0
            },
            "end": {
              "line": 49,
              "column": 1
            }
          },
          {
            "start": {},
            "end": {}
          }
        ],
        "line": 36
      },
      "5": {
        "loc": {
          "start": {
            "line": 36,
            "column": 4
          },
          "end": {
            "line": 36,
            "column": 35
          }
        },
        "type": "binary-expr",
        "locations": [
          {
            "start": {
              "line": 36,
              "column": 4
            },
            "end": {
              "line": 36,
              "column": 19
            }
          },
          {
            "start": {
              "line": 36,
              "column": 23
            },
            "end": {
              "line": 36,
              "column": 35
            }
          }
        ],
        "line": 36
      },
      "6": {
        "loc": {
          "start": {
            "line": 42,
            "column": 6
          },
          "end": {
            "line": 43,
            "column": 15
          }
        },
        "type": "if",
        "locations": [
          {
            "start": {
              "line": 42,
              "column": 6
            },
            "end": {
              "line": 43,
              "column": 15
            }
          },
          {
            "start": {},
            "end": {}
          }
        ],
        "line": 42
      },
      "7": {
        "loc": {
          "start": {
            "line": 45,
            "column": 6
          },
          "end": {
            "line": 46,
            "column": 54
          }
        },
        "type": "if",
        "locations": [
          {
            "start": {
              "line": 45,
              "column": 6
            },
            "end": {
              "line": 46,
              "column": 54
            }
          },
          {
            "start": {},
            "end": {}
          }
        ],
        "line": 45
      }
    },
    "s": {
      "0": 2,
      "1": 2,
      "2": 2,
      "3": 0,
      "4": 2,
      "5": 2,
      "6": 2,
      "7": 0,
      "8": 2,
      "9": 2,
      "10": 2,
      "11": 8,
      "12": 8,
      "13": 8,
      "14": 8,
      "15": 4,
      "16": 4,
      "17": 0,
      "18": 0,
      "19": 0,
      "20": 8,
      "21": 4,
      "22": 8,
      "23": 2,
      "24": 2,
      "25": 2,
      "26": 2,
      "27": 2,
      "28": 2,
      "29": 2,
      "30": 0,
      "31": 0,
      "32": 0,
      "33": 0,
      "34": 0
    },
    "f": {
      "0": 0,
      "1": 8,
      "2": 4,
      "3": 4,
      "4": 2,
      "5": 0
    },
    "b": {
      "0": [
        2,
        0
      ],
      "1": [
        2,
        0
      ],
      "2": [
        2,
        2
      ],
      "3": [
        0,
        2
      ],
      "4": [
        2,
        0
      ],
      "5": [
        2,
        2
      ],
      "6": [
        0,
        0
      ],
      "7": [
        0,
        0
      ]
    },
    "inputSourceMap": {
      "version": 3,
      "mappings": "2BAAA;AAAoBA,oBAAgB,OAAO;AAAA;AAAA;AAAA;AAAA;AAAA;AAAA;AAAA;AAAA;AAAA;AAAA;AAAA;AAAA;AAAA;AAAA;AAAA;AAE3C,MAAMC,UAAUA,CAACC,QAAgB;AAAAC,KAAA;AAC/B,QAAM,CAACC,MAAMC,OAAO,IAAIL,SAAc,IAAI;AAC1C,QAAM,CAACM,WAAWC,YAAY,IAAIP,SAAkB,KAAK;AAEzD,QAAMQ,YAAY,YAAY;AAC5BD,iBAAa,IAAI;AACjB,UAAME,MAAM,MAAMC,MAAMR,GAAG;AAC3B,UAAME,QAAO,MAAMK,IAAIE,KAAK;AAC5BN,YAAQD,KAAI;AACZG,iBAAa,KAAK;AAAA,EACpB;AAEAK,YAAU,MAAM;AACdJ,cAAU;AAAA,EACZ,GAAG,EAAE;AAEL,SAAO,EAAEJ,MAAME,WAAWO,UAAUT,MAAMU,OAAO;AACnD;AAAEX,GAjBIF,SAAO;AAkBb,eAAeA",
      "names": [
        "useState",
        "useData",
        "url",
        "_s",
        "data",
        "setData",
        "isLoading",
        "setIsLoading",
        "fetchData",
        "res",
        "fetch",
        "json",
        "useEffect",
        "nRecords",
        "length"
      ],
      "sources": [
        "C:/Users/Doug/dev/cicd/ui/src/hooks/useData/useData.tsx"
      ],
      "file": "C:/Users/Doug/dev/cicd/ui/src/hooks/useData/useData.tsx"
    },
    "_coverageSchema": "1a1c01bbd47fc00a2c39e90264f33305004495a9",
    "hash": "76b80f7304a6fe6bd575255f98f0cd2668b60935"
  },
  "C:/Users/Doug/dev/cicd/ui/src/components/DataTable/DataTable.tsx": {
    "path": "C:/Users/Doug/dev/cicd/ui/src/components/DataTable/DataTable.tsx",
    "statementMap": {
      "0": {
        "start": {
          "line": 3,
          "column": 20
        },
        "end": {
          "line": 3,
          "column": 97
        }
      },
      "1": {
        "start": {
          "line": 6,
          "column": 0
        },
        "end": {
          "line": 16,
          "column": 1
        }
      },
      "2": {
        "start": {
          "line": 7,
          "column": 2
        },
        "end": {
          "line": 9,
          "column": 3
        }
      },
      "3": {
        "start": {
          "line": 8,
          "column": 4
        },
        "end": {
          "line": 8,
          "column": 165
        }
      },
      "4": {
        "start": {
          "line": 10,
          "column": 2
        },
        "end": {
          "line": 10,
          "column": 39
        }
      },
      "5": {
        "start": {
          "line": 11,
          "column": 2
        },
        "end": {
          "line": 11,
          "column": 39
        }
      },
      "6": {
        "start": {
          "line": 12,
          "column": 2
        },
        "end": {
          "line": 14,
          "column": 4
        }
      },
      "7": {
        "start": {
          "line": 13,
          "column": 4
        },
        "end": {
          "line": 13,
          "column": 108
        }
      },
      "8": {
        "start": {
          "line": 15,
          "column": 2
        },
        "end": {
          "line": 15,
          "column": 75
        }
      },
      "9": {
        "start": {
          "line": 17,
          "column": 9
        },
        "end": {
          "line": 17,
          "column": 23
        }
      },
      "10": {
        "start": {
          "line": 26,
          "column": 18
        },
        "end": {
          "line": 102,
          "column": 1
        }
      },
      "11": {
        "start": {
          "line": 27,
          "column": 2
        },
        "end": {
          "line": 27,
          "column": 7
        }
      },
      "12": {
        "start": {
          "line": 28,
          "column": 27
        },
        "end": {
          "line": 28,
          "column": 32
        }
      },
      "13": {
        "start": {
          "line": 29,
          "column": 40
        },
        "end": {
          "line": 29,
          "column": 52
        }
      },
      "14": {
        "start": {
          "line": 30,
          "column": 2
        },
        "end": {
          "line": 101,
          "column": 11
        }
      },
      "15": {
        "start": {
          "line": 53,
          "column": 8
        },
        "end": {
          "line": 57,
          "column": 17
        }
      },
      "16": {
        "start": {
          "line": 68,
          "column": 8
        },
        "end": {
          "line": 78,
          "column": 17
        }
      },
      "17": {
        "start": {
          "line": 69,
          "column": 10
        },
        "end": {
          "line": 73,
          "column": 19
        }
      },
      "18": {
        "start": {
          "line": 103,
          "column": 0
        },
        "end": {
          "line": 105,
          "column": 3
        }
      },
      "19": {
        "start": {
          "line": 104,
          "column": 2
        },
        "end": {
          "line": 104,
          "column": 19
        }
      },
      "20": {
        "start": {
          "line": 106,
          "column": 0
        },
        "end": {
          "line": 106,
          "column": 15
        }
      },
      "21": {
        "start": {
          "line": 109,
          "column": 0
        },
        "end": {
          "line": 109,
          "column": 30
        }
      },
      "22": {
        "start": {
          "line": 110,
          "column": 0
        },
        "end": {
          "line": 123,
          "column": 1
        }
      },
      "23": {
        "start": {
          "line": 111,
          "column": 2
        },
        "end": {
          "line": 111,
          "column": 39
        }
      },
      "24": {
        "start": {
          "line": 112,
          "column": 2
        },
        "end": {
          "line": 112,
          "column": 39
        }
      },
      "25": {
        "start": {
          "line": 113,
          "column": 2
        },
        "end": {
          "line": 122,
          "column": 5
        }
      },
      "26": {
        "start": {
          "line": 114,
          "column": 4
        },
        "end": {
          "line": 114,
          "column": 134
        }
      },
      "27": {
        "start": {
          "line": 115,
          "column": 4
        },
        "end": {
          "line": 121,
          "column": 7
        }
      },
      "28": {
        "start": {
          "line": 116,
          "column": 6
        },
        "end": {
          "line": 117,
          "column": 15
        }
      },
      "29": {
        "start": {
          "line": 117,
          "column": 8
        },
        "end": {
          "line": 117,
          "column": 15
        }
      },
      "30": {
        "start": {
          "line": 118,
          "column": 32
        },
        "end": {
          "line": 118,
          "column": 115
        }
      },
      "31": {
        "start": {
          "line": 119,
          "column": 6
        },
        "end": {
          "line": 120,
          "column": 54
        }
      },
      "32": {
        "start": {
          "line": 120,
          "column": 8
        },
        "end": {
          "line": 120,
          "column": 54
        }
      }
    },
    "fnMap": {
      "0": {
        "name": "(anonymous_0)",
        "decl": {
          "start": {
            "line": 12,
            "column": 24
          },
          "end": {
            "line": 12,
            "column": 25
          }
        },
        "loc": {
          "start": {
            "line": 12,
            "column": 38
          },
          "end": {
            "line": 14,
            "column": 3
          }
        },
        "line": 12
      },
      "1": {
        "name": "(anonymous_1)",
        "decl": {
          "start": {
            "line": 26,
            "column": 18
          },
          "end": {
            "line": 26,
            "column": 19
          }
        },
        "loc": {
          "start": {
            "line": 26,
            "column": 29
          },
          "end": {
            "line": 102,
            "column": 1
          }
        },
        "line": 26
      },
      "2": {
        "name": "(anonymous_2)",
        "decl": {
          "start": {
            "line": 52,
            "column": 109
          },
          "end": {
            "line": 52,
            "column": 110
          }
        },
        "loc": {
          "start": {
            "line": 52,
            "column": 121
          },
          "end": {
            "line": 58,
            "column": 7
          }
        },
        "line": 52
      },
      "3": {
        "name": "(anonymous_3)",
        "decl": {
          "start": {
            "line": 67,
            "column": 62
          },
          "end": {
            "line": 67,
            "column": 63
          }
        },
        "loc": {
          "start": {
            "line": 67,
            "column": 71
          },
          "end": {
            "line": 79,
            "column": 7
          }
        },
        "line": 67
      },
      "4": {
        "name": "(anonymous_4)",
        "decl": {
          "start": {
            "line": 68,
            "column": 72
          },
          "end": {
            "line": 68,
            "column": 73
          }
        },
        "loc": {
          "start": {
            "line": 68,
            "column": 84
          },
          "end": {
            "line": 74,
            "column": 9
          }
        },
        "line": 68
      },
      "5": {
        "name": "(anonymous_5)",
        "decl": {
          "start": {
            "line": 103,
            "column": 53
          },
          "end": {
            "line": 103,
            "column": 54
          }
        },
        "loc": {
          "start": {
            "line": 103,
            "column": 64
          },
          "end": {
            "line": 105,
            "column": 1
          }
        },
        "line": 103
      },
      "6": {
        "name": "(anonymous_6)",
        "decl": {
          "start": {
            "line": 113,
            "column": 52
          },
          "end": {
            "line": 113,
            "column": 53
          }
        },
        "loc": {
          "start": {
            "line": 113,
            "column": 72
          },
          "end": {
            "line": 122,
            "column": 3
          }
        },
        "line": 113
      },
      "7": {
        "name": "(anonymous_7)",
        "decl": {
          "start": {
            "line": 115,
            "column": 27
          },
          "end": {
            "line": 115,
            "column": 28
          }
        },
        "loc": {
          "start": {
            "line": 115,
            "column": 44
          },
          "end": {
            "line": 121,
            "column": 5
          }
        },
        "line": 115
      }
    },
    "branchMap": {
      "0": {
        "loc": {
          "start": {
            "line": 3,
            "column": 20
          },
          "end": {
            "line": 3,
            "column": 97
          }
        },
        "type": "binary-expr",
        "locations": [
          {
            "start": {
              "line": 3,
              "column": 20
            },
            "end": {
              "line": 3,
              "column": 60
            }
          },
          {
            "start": {
              "line": 3,
              "column": 64
            },
            "end": {
              "line": 3,
              "column": 97
            }
          }
        ],
        "line": 3
      },
      "1": {
        "loc": {
          "start": {
            "line": 6,
            "column": 0
          },
          "end": {
            "line": 16,
            "column": 1
          }
        },
        "type": "if",
        "locations": [
          {
            "start": {
              "line": 6,
              "column": 0
            },
            "end": {
              "line": 16,
              "column": 1
            }
          },
          {
            "start": {},
            "end": {}
          }
        ],
        "line": 6
      },
      "2": {
        "loc": {
          "start": {
            "line": 6,
            "column": 4
          },
          "end": {
            "line": 6,
            "column": 35
          }
        },
        "type": "binary-expr",
        "locations": [
          {
            "start": {
              "line": 6,
              "column": 4
            },
            "end": {
              "line": 6,
              "column": 19
            }
          },
          {
            "start": {
              "line": 6,
              "column": 23
            },
            "end": {
              "line": 6,
              "column": 35
            }
          }
        ],
        "line": 6
      },
      "3": {
        "loc": {
          "start": {
            "line": 7,
            "column": 2
          },
          "end": {
            "line": 9,
            "column": 3
          }
        },
        "type": "if",
        "locations": [
          {
            "start": {
              "line": 7,
              "column": 2
            },
            "end": {
              "line": 9,
              "column": 3
            }
          },
          {
            "start": {},
            "end": {}
          }
        ],
        "line": 7
      },
      "4": {
        "loc": {
          "start": {
            "line": 30,
            "column": 54
          },
          "end": {
            "line": 97,
            "column": 10
          }
        },
        "type": "cond-expr",
        "locations": [
          {
            "start": {
              "line": 30,
              "column": 82
            },
            "end": {
              "line": 41,
              "column": 10
            }
          },
          {
            "start": {
              "line": 41,
              "column": 29
            },
            "end": {
              "line": 97,
              "column": 10
            }
          }
        ],
        "line": 30
      },
      "5": {
        "loc": {
          "start": {
            "line": 110,
            "column": 0
          },
          "end": {
            "line": 123,
            "column": 1
          }
        },
        "type": "if",
        "locations": [
          {
            "start": {
              "line": 110,
              "column": 0
            },
            "end": {
              "line": 123,
              "column": 1
            }
          },
          {
            "start": {},
            "end": {}
          }
        ],
        "line": 110
      },
      "6": {
        "loc": {
          "start": {
            "line": 110,
            "column": 4
          },
          "end": {
            "line": 110,
            "column": 35
          }
        },
        "type": "binary-expr",
        "locations": [
          {
            "start": {
              "line": 110,
              "column": 4
            },
            "end": {
              "line": 110,
              "column": 19
            }
          },
          {
            "start": {
              "line": 110,
              "column": 23
            },
            "end": {
              "line": 110,
              "column": 35
            }
          }
        ],
        "line": 110
      },
      "7": {
        "loc": {
          "start": {
            "line": 116,
            "column": 6
          },
          "end": {
            "line": 117,
            "column": 15
          }
        },
        "type": "if",
        "locations": [
          {
            "start": {
              "line": 116,
              "column": 6
            },
            "end": {
              "line": 117,
              "column": 15
            }
          },
          {
            "start": {},
            "end": {}
          }
        ],
        "line": 116
      },
      "8": {
        "loc": {
          "start": {
            "line": 119,
            "column": 6
          },
          "end": {
            "line": 120,
            "column": 54
          }
        },
        "type": "if",
        "locations": [
          {
            "start": {
              "line": 119,
              "column": 6
            },
            "end": {
              "line": 120,
              "column": 54
            }
          },
          {
            "start": {},
            "end": {}
          }
        ],
        "line": 119
      }
    },
    "s": {
      "0": 2,
      "1": 2,
      "2": 2,
      "3": 0,
      "4": 2,
      "5": 2,
      "6": 2,
      "7": 2,
      "8": 2,
      "9": 2,
      "10": 2,
      "11": 10,
      "12": 10,
      "13": 8,
      "14": 8,
      "15": 16,
      "16": 0,
      "17": 0,
      "18": 2,
      "19": 2,
      "20": 2,
      "21": 2,
      "22": 2,
      "23": 2,
      "24": 2,
      "25": 2,
      "26": 2,
      "27": 2,
      "28": 0,
      "29": 0,
      "30": 0,
      "31": 0,
      "32": 0
    },
    "f": {
      "0": 2,
      "1": 10,
      "2": 16,
      "3": 0,
      "4": 0,
      "5": 2,
      "6": 2,
      "7": 0
    },
    "b": {
      "0": [
        2,
        0
      ],
      "1": [
        2,
        0
      ],
      "2": [
        2,
        2
      ],
      "3": [
        0,
        2
      ],
      "4": [
        4,
        4
      ],
      "5": [
        2,
        0
      ],
      "6": [
        2,
        2
      ],
      "7": [
        0,
        0
      ],
      "8": [
        0,
        0
      ]
    },
    "inputSourceMap": {
      "version": 3,
      "mappings": "AAmBU,SAGF,UAHE;2BAnBV;AAAOA,MAAgB,cAAM,6BAAgC;AAAA;AAAA;AAAA;AAAA;AAAA;AAAA;AAAA;AAAA;AAAA;AAAA;AAAA;AAAA;AAAA;AAAA;AAAA;AAC7D,OAAOC,WAAW;AAClB,OAAOC,eAAe;AACtB,OAAOC,eAAe;AACtB,OAAOC,oBAAoB;AAC3B,OAAOC,eAAe;AACtB,OAAOC,cAAc;AAErB,OAAOC,aAAa;AAGpB,MAAMC,YAAYA,CAACC,UAA0B;AAAAC,KAAA;AAC3C,QAAM,EAAEC,KAAKC,QAAQ,IAAIH;AAEzB,QAAM,EAAEI,MAAMC,WAAWC,SAAS,IAAIR,QAAQI,GAAG;AACjD,SACE,mCACGG,sBACC,uBAAC,SACC;AAAA,2BAAC,sBAAD;AAAA;AAAA;AAAA;AAAA,WAAiB;AAAA,IAAG;AAAA,OADtB;AAAA;AAAA;AAAA;AAAA,SAEA,IAEA,mCACE;AAAA,2BAAC,UAAK;AAAA;AAAA,MAAYC;AAAAA,MAAS;AAAA,SAA3B;AAAA;AAAA;AAAA;AAAA,WAAmC;AAAA,IACnC,uBAAC,kBACC,iCAAC,SAAM,IAAI,EAAEC,UAAU,IAAI,GACzB;AAAA,6BAAC,aACC,iCAAC,YACEJ,kBAAQK,IAAI,CAACC,WAAW;AACvB,eAAO,uBAAC,aAAWA,iBAAOC,SAAnB;AAAA;AAAA;AAAA;AAAA,eAAyB;AAAA,MAClC,CAAC,KAHH;AAAA;AAAA;AAAA;AAAA,aAIA,KALF;AAAA;AAAA;AAAA;AAAA,aAMA;AAAA,MACA,uBAAC,aACEN,gBAAMI,IAAI,CAACG,QAA6B;AACvC,eACE,uBAAC,YACER,kBAAQK,IAAI,CAACC,WAAW;AACvB,iBAAO,uBAAC,aAAWE,cAAIF,OAAOG,QAAQ,KAA/B;AAAA;AAAA;AAAA;AAAA,iBAAiC;AAAA,QAC1C,CAAC,KAHH;AAAA;AAAA;AAAA;AAAA,eAIA;AAAA,MAEJ,CAAC,KATH;AAAA;AAAA;AAAA;AAAA,aAUA;AAAA,SAlBF;AAAA;AAAA;AAAA;AAAA,WAmBA,KApBF;AAAA;AAAA;AAAA;AAAA,WAqBA;AAAA,OAvBF;AAAA;AAAA;AAAA;AAAA,SAwBA,KA9BJ;AAAA;AAAA;AAAA;AAAA,SAgCA;AAEJ;AAAEX,GAvCIF,WAAS;AAAA,UAGyBD,OAAO;AAAA;AAAAe,KAHzCd;AAwCN,eAAeA;AAAU,IAAAc;AAAAC,aAAAD,IAAA",
      "names": [
        "CircularProgress",
        "Table",
        "TableBody",
        "TableCell",
        "TableContainer",
        "TableHead",
        "TableRow",
        "useData",
        "DataTable",
        "props",
        "_s",
        "url",
        "columns",
        "data",
        "isLoading",
        "nRecords",
        "minWidth",
        "map",
        "column",
        "label",
        "row",
        "accessor",
        "_c",
        "$RefreshReg$"
      ],
      "sources": [
        "C:/Users/Doug/dev/cicd/ui/src/components/DataTable/DataTable.tsx"
      ],
      "file": "C:/Users/Doug/dev/cicd/ui/src/components/DataTable/DataTable.tsx"
    },
    "_coverageSchema": "1a1c01bbd47fc00a2c39e90264f33305004495a9",
    "hash": "d71b7808a78a8be0fa06e537fd06bc04c17c48b0"
  },
  "C:/Users/Doug/dev/cicd/ui/src/components/DisplayCard/DisplayCard.tsx": {
    "path": "C:/Users/Doug/dev/cicd/ui/src/components/DisplayCard/DisplayCard.tsx",
    "statementMap": {
      "0": {
        "start": {
          "line": 3,
          "column": 20
        },
        "end": {
          "line": 3,
          "column": 97
        }
      },
      "1": {
        "start": {
          "line": 6,
          "column": 0
        },
        "end": {
          "line": 16,
          "column": 1
        }
      },
      "2": {
        "start": {
          "line": 7,
          "column": 2
        },
        "end": {
          "line": 9,
          "column": 3
        }
      },
      "3": {
        "start": {
          "line": 8,
          "column": 4
        },
        "end": {
          "line": 8,
          "column": 165
        }
      },
      "4": {
        "start": {
          "line": 10,
          "column": 2
        },
        "end": {
          "line": 10,
          "column": 39
        }
      },
      "5": {
        "start": {
          "line": 11,
          "column": 2
        },
        "end": {
          "line": 11,
          "column": 39
        }
      },
      "6": {
        "start": {
          "line": 12,
          "column": 2
        },
        "end": {
          "line": 14,
          "column": 4
        }
      },
      "7": {
        "start": {
          "line": 13,
          "column": 4
        },
        "end": {
          "line": 13,
          "column": 112
        }
      },
      "8": {
        "start": {
          "line": 15,
          "column": 2
        },
        "end": {
          "line": 15,
          "column": 75
        }
      },
      "9": {
        "start": {
          "line": 18,
          "column": 20
        },
        "end": {
          "line": 48,
          "column": 1
        }
      },
      "10": {
        "start": {
          "line": 19,
          "column": 43
        },
        "end": {
          "line": 19,
          "column": 48
        }
      },
      "11": {
        "start": {
          "line": 20,
          "column": 2
        },
        "end": {
          "line": 47,
          "column": 11
        }
      },
      "12": {
        "start": {
          "line": 49,
          "column": 0
        },
        "end": {
          "line": 49,
          "column": 17
        }
      },
      "13": {
        "start": {
          "line": 52,
          "column": 0
        },
        "end": {
          "line": 52,
          "column": 32
        }
      },
      "14": {
        "start": {
          "line": 53,
          "column": 0
        },
        "end": {
          "line": 66,
          "column": 1
        }
      },
      "15": {
        "start": {
          "line": 54,
          "column": 2
        },
        "end": {
          "line": 54,
          "column": 39
        }
      },
      "16": {
        "start": {
          "line": 55,
          "column": 2
        },
        "end": {
          "line": 55,
          "column": 39
        }
      },
      "17": {
        "start": {
          "line": 56,
          "column": 2
        },
        "end": {
          "line": 65,
          "column": 5
        }
      },
      "18": {
        "start": {
          "line": 57,
          "column": 4
        },
        "end": {
          "line": 57,
          "column": 138
        }
      },
      "19": {
        "start": {
          "line": 58,
          "column": 4
        },
        "end": {
          "line": 64,
          "column": 7
        }
      },
      "20": {
        "start": {
          "line": 59,
          "column": 6
        },
        "end": {
          "line": 60,
          "column": 15
        }
      },
      "21": {
        "start": {
          "line": 60,
          "column": 8
        },
        "end": {
          "line": 60,
          "column": 15
        }
      },
      "22": {
        "start": {
          "line": 61,
          "column": 32
        },
        "end": {
          "line": 61,
          "column": 115
        }
      },
      "23": {
        "start": {
          "line": 62,
          "column": 6
        },
        "end": {
          "line": 63,
          "column": 54
        }
      },
      "24": {
        "start": {
          "line": 63,
          "column": 8
        },
        "end": {
          "line": 63,
          "column": 54
        }
      }
    },
    "fnMap": {
      "0": {
        "name": "(anonymous_0)",
        "decl": {
          "start": {
            "line": 12,
            "column": 24
          },
          "end": {
            "line": 12,
            "column": 25
          }
        },
        "loc": {
          "start": {
            "line": 12,
            "column": 38
          },
          "end": {
            "line": 14,
            "column": 3
          }
        },
        "line": 12
      },
      "1": {
        "name": "(anonymous_1)",
        "decl": {
          "start": {
            "line": 18,
            "column": 20
          },
          "end": {
            "line": 18,
            "column": 21
          }
        },
        "loc": {
          "start": {
            "line": 18,
            "column": 31
          },
          "end": {
            "line": 48,
            "column": 1
          }
        },
        "line": 18
      },
      "2": {
        "name": "(anonymous_2)",
        "decl": {
          "start": {
            "line": 56,
            "column": 52
          },
          "end": {
            "line": 56,
            "column": 53
          }
        },
        "loc": {
          "start": {
            "line": 56,
            "column": 72
          },
          "end": {
            "line": 65,
            "column": 3
          }
        },
        "line": 56
      },
      "3": {
        "name": "(anonymous_3)",
        "decl": {
          "start": {
            "line": 58,
            "column": 27
          },
          "end": {
            "line": 58,
            "column": 28
          }
        },
        "loc": {
          "start": {
            "line": 58,
            "column": 44
          },
          "end": {
            "line": 64,
            "column": 5
          }
        },
        "line": 58
      }
    },
    "branchMap": {
      "0": {
        "loc": {
          "start": {
            "line": 3,
            "column": 20
          },
          "end": {
            "line": 3,
            "column": 97
          }
        },
        "type": "binary-expr",
        "locations": [
          {
            "start": {
              "line": 3,
              "column": 20
            },
            "end": {
              "line": 3,
              "column": 60
            }
          },
          {
            "start": {
              "line": 3,
              "column": 64
            },
            "end": {
              "line": 3,
              "column": 97
            }
          }
        ],
        "line": 3
      },
      "1": {
        "loc": {
          "start": {
            "line": 6,
            "column": 0
          },
          "end": {
            "line": 16,
            "column": 1
          }
        },
        "type": "if",
        "locations": [
          {
            "start": {
              "line": 6,
              "column": 0
            },
            "end": {
              "line": 16,
              "column": 1
            }
          },
          {
            "start": {},
            "end": {}
          }
        ],
        "line": 6
      },
      "2": {
        "loc": {
          "start": {
            "line": 6,
            "column": 4
          },
          "end": {
            "line": 6,
            "column": 35
          }
        },
        "type": "binary-expr",
        "locations": [
          {
            "start": {
              "line": 6,
              "column": 4
            },
            "end": {
              "line": 6,
              "column": 19
            }
          },
          {
            "start": {
              "line": 6,
              "column": 23
            },
            "end": {
              "line": 6,
              "column": 35
            }
          }
        ],
        "line": 6
      },
      "3": {
        "loc": {
          "start": {
            "line": 7,
            "column": 2
          },
          "end": {
            "line": 9,
            "column": 3
          }
        },
        "type": "if",
        "locations": [
          {
            "start": {
              "line": 7,
              "column": 2
            },
            "end": {
              "line": 9,
              "column": 3
            }
          },
          {
            "start": {},
            "end": {}
          }
        ],
        "line": 7
      },
      "4": {
        "loc": {
          "start": {
            "line": 53,
            "column": 0
          },
          "end": {
            "line": 66,
            "column": 1
          }
        },
        "type": "if",
        "locations": [
          {
            "start": {
              "line": 53,
              "column": 0
            },
            "end": {
              "line": 66,
              "column": 1
            }
          },
          {
            "start": {},
            "end": {}
          }
        ],
        "line": 53
      },
      "5": {
        "loc": {
          "start": {
            "line": 53,
            "column": 4
          },
          "end": {
            "line": 53,
            "column": 35
          }
        },
        "type": "binary-expr",
        "locations": [
          {
            "start": {
              "line": 53,
              "column": 4
            },
            "end": {
              "line": 53,
              "column": 19
            }
          },
          {
            "start": {
              "line": 53,
              "column": 23
            },
            "end": {
              "line": 53,
              "column": 35
            }
          }
        ],
        "line": 53
      },
      "6": {
        "loc": {
          "start": {
            "line": 59,
            "column": 6
          },
          "end": {
            "line": 60,
            "column": 15
          }
        },
        "type": "if",
        "locations": [
          {
            "start": {
              "line": 59,
              "column": 6
            },
            "end": {
              "line": 60,
              "column": 15
            }
          },
          {
            "start": {},
            "end": {}
          }
        ],
        "line": 59
      },
      "7": {
        "loc": {
          "start": {
            "line": 62,
            "column": 6
          },
          "end": {
            "line": 63,
            "column": 54
          }
        },
        "type": "if",
        "locations": [
          {
            "start": {
              "line": 62,
              "column": 6
            },
            "end": {
              "line": 63,
              "column": 54
            }
          },
          {
            "start": {},
            "end": {}
          }
        ],
        "line": 62
      }
    },
    "s": {
      "0": 2,
      "1": 2,
      "2": 2,
      "3": 0,
      "4": 2,
      "5": 2,
      "6": 2,
      "7": 2,
      "8": 2,
      "9": 2,
      "10": 10,
      "11": 8,
      "12": 2,
      "13": 2,
      "14": 2,
      "15": 2,
      "16": 2,
      "17": 2,
      "18": 2,
      "19": 2,
      "20": 0,
      "21": 0,
      "22": 0,
      "23": 0,
      "24": 0
    },
    "f": {
      "0": 2,
      "1": 10,
      "2": 2,
      "3": 0
    },
    "b": {
      "0": [
        2,
        0
      ],
      "1": [
        2,
        0
      ],
      "2": [
        2,
        2
      ],
      "3": [
        0,
        2
      ],
      "4": [
        2,
        0
      ],
      "5": [
        2,
        2
      ],
      "6": [
        0,
        0
      ],
      "7": [
        0,
        0
      ]
    },
    "inputSourceMap": {
      "version": 3,
      "mappings": "AAQM;AARN,2BAA0B;AAAY,MAAQ,cAAe;AAAA;AAAA;AAAA;AAAA;AAAA;AAAA;AAAA;AAAA;AAAA;AAAA;AAAA;AAAA;AAAA;AAAA;AAI7D,MAAMA,cAAcA,CAACC,UAA4B;AAC/C,QAAM,EAAEC,OAAOC,aAAaC,SAAS,IAAIH;AACzC,SACE,uBAAC,QAAK,WAAU,eAAc,eAAY,eACxC;AAAA;AAAA,MAAC;AAAA;AAAA,QACC;AAAA,QACA,sBAAsB,EAAE,eAAe,mBAAmB;AAAA,QAC1D,WAAWE;AAAAA,QACX,0BAA0B,EAAE,eAAe,yBAAyB;AAAA;AAAA,MAJtE;AAAA;AAAA;AAAA;AAAA;AAAA;AAAA;AAAA;AAAA,IAIwE;AAAA,IAExE,uBAAC,eAAY,eAAY,sBAAsBC,YAA/C;AAAA;AAAA;AAAA;AAAA,WAAwD;AAAA,OAP1D;AAAA;AAAA;AAAA;AAAA,SAQA;AAEJ;AAAEC,KAbIL;AAcN,eAAeA;AAAY,IAAAK;AAAAC,aAAAD,IAAA",
      "names": [
        "DisplayCard",
        "props",
        "title",
        "description",
        "children",
        "_c",
        "$RefreshReg$"
      ],
      "sources": [
        "C:/Users/Doug/dev/cicd/ui/src/components/DisplayCard/DisplayCard.tsx"
      ],
      "file": "C:/Users/Doug/dev/cicd/ui/src/components/DisplayCard/DisplayCard.tsx"
    },
    "_coverageSchema": "1a1c01bbd47fc00a2c39e90264f33305004495a9",
    "hash": "d5afb9ee06eaedf8d0feae6bc693b870205a3a48"
  },
  "C:/Users/Doug/dev/cicd/ui/src/views/Data/Data.tsx": {
    "path": "C:/Users/Doug/dev/cicd/ui/src/views/Data/Data.tsx",
    "statementMap": {
      "0": {
        "start": {
          "line": 3,
          "column": 20
        },
        "end": {
          "line": 3,
          "column": 97
        }
      },
      "1": {
        "start": {
          "line": 6,
          "column": 0
        },
        "end": {
          "line": 16,
          "column": 1
        }
      },
      "2": {
        "start": {
          "line": 7,
          "column": 2
        },
        "end": {
          "line": 9,
          "column": 3
        }
      },
      "3": {
        "start": {
          "line": 8,
          "column": 4
        },
        "end": {
          "line": 8,
          "column": 165
        }
      },
      "4": {
        "start": {
          "line": 10,
          "column": 2
        },
        "end": {
          "line": 10,
          "column": 39
        }
      },
      "5": {
        "start": {
          "line": 11,
          "column": 2
        },
        "end": {
          "line": 11,
          "column": 39
        }
      },
      "6": {
        "start": {
          "line": 12,
          "column": 2
        },
        "end": {
          "line": 14,
          "column": 4
        }
      },
      "7": {
        "start": {
          "line": 13,
          "column": 4
        },
        "end": {
          "line": 13,
          "column": 93
        }
      },
      "8": {
        "start": {
          "line": 15,
          "column": 2
        },
        "end": {
          "line": 15,
          "column": 75
        }
      },
      "9": {
        "start": {
          "line": 19,
          "column": 13
        },
        "end": {
          "line": 44,
          "column": 1
        }
      },
      "10": {
        "start": {
          "line": 20,
          "column": 2
        },
        "end": {
          "line": 43,
          "column": 11
        }
      },
      "11": {
        "start": {
          "line": 45,
          "column": 0
        },
        "end": {
          "line": 45,
          "column": 10
        }
      },
      "12": {
        "start": {
          "line": 48,
          "column": 0
        },
        "end": {
          "line": 48,
          "column": 25
        }
      },
      "13": {
        "start": {
          "line": 49,
          "column": 0
        },
        "end": {
          "line": 62,
          "column": 1
        }
      },
      "14": {
        "start": {
          "line": 50,
          "column": 2
        },
        "end": {
          "line": 50,
          "column": 39
        }
      },
      "15": {
        "start": {
          "line": 51,
          "column": 2
        },
        "end": {
          "line": 51,
          "column": 39
        }
      },
      "16": {
        "start": {
          "line": 52,
          "column": 2
        },
        "end": {
          "line": 61,
          "column": 5
        }
      },
      "17": {
        "start": {
          "line": 53,
          "column": 4
        },
        "end": {
          "line": 53,
          "column": 119
        }
      },
      "18": {
        "start": {
          "line": 54,
          "column": 4
        },
        "end": {
          "line": 60,
          "column": 7
        }
      },
      "19": {
        "start": {
          "line": 55,
          "column": 6
        },
        "end": {
          "line": 56,
          "column": 15
        }
      },
      "20": {
        "start": {
          "line": 56,
          "column": 8
        },
        "end": {
          "line": 56,
          "column": 15
        }
      },
      "21": {
        "start": {
          "line": 57,
          "column": 32
        },
        "end": {
          "line": 57,
          "column": 115
        }
      },
      "22": {
        "start": {
          "line": 58,
          "column": 6
        },
        "end": {
          "line": 59,
          "column": 54
        }
      },
      "23": {
        "start": {
          "line": 59,
          "column": 8
        },
        "end": {
          "line": 59,
          "column": 54
        }
      }
    },
    "fnMap": {
      "0": {
        "name": "(anonymous_0)",
        "decl": {
          "start": {
            "line": 12,
            "column": 24
          },
          "end": {
            "line": 12,
            "column": 25
          }
        },
        "loc": {
          "start": {
            "line": 12,
            "column": 38
          },
          "end": {
            "line": 14,
            "column": 3
          }
        },
        "line": 12
      },
      "1": {
        "name": "(anonymous_1)",
        "decl": {
          "start": {
            "line": 19,
            "column": 13
          },
          "end": {
            "line": 19,
            "column": 14
          }
        },
        "loc": {
          "start": {
            "line": 19,
            "column": 19
          },
          "end": {
            "line": 44,
            "column": 1
          }
        },
        "line": 19
      },
      "2": {
        "name": "(anonymous_2)",
        "decl": {
          "start": {
            "line": 52,
            "column": 52
          },
          "end": {
            "line": 52,
            "column": 53
          }
        },
        "loc": {
          "start": {
            "line": 52,
            "column": 72
          },
          "end": {
            "line": 61,
            "column": 3
          }
        },
        "line": 52
      },
      "3": {
        "name": "(anonymous_3)",
        "decl": {
          "start": {
            "line": 54,
            "column": 27
          },
          "end": {
            "line": 54,
            "column": 28
          }
        },
        "loc": {
          "start": {
            "line": 54,
            "column": 44
          },
          "end": {
            "line": 60,
            "column": 5
          }
        },
        "line": 54
      }
    },
    "branchMap": {
      "0": {
        "loc": {
          "start": {
            "line": 3,
            "column": 20
          },
          "end": {
            "line": 3,
            "column": 97
[...]
        },
        "end": {
          "line": 63,
          "column": 115
        }
      },
      "22": {
        "start": {
          "line": 64,
          "column": 6
        },
        "end": {
          "line": 65,
          "column": 54
        }
      },
      "23": {
        "start": {
          "line": 65,
          "column": 8
        },
        "end": {
          "line": 65,
          "column": 54
        }
      }
    },
    "fnMap": {
      "0": {
        "name": "(anonymous_0)",
        "decl": {
          "start": {
            "line": 12,
            "column": 24
          },
          "end": {
            "line": 12,
            "column": 25
          }
        },
        "loc": {
          "start": {
            "line": 12,
            "column": 38
          },
          "end": {
            "line": 14,
            "column": 3
          }
        },
        "line": 12
      },
      "1": {
        "name": "App",
        "decl": {
          "start": {
            "line": 25,
            "column": 9
          },
          "end": {
            "line": 25,
            "column": 12
          }
        },
        "loc": {
          "start": {
            "line": 25,
            "column": 15
          },
          "end": {
            "line": 50,
            "column": 1
          }
        },
        "line": 25
      },
      "2": {
        "name": "(anonymous_2)",
        "decl": {
          "start": {
            "line": 58,
            "column": 52
          },
          "end": {
            "line": 58,
            "column": 53
          }
        },
        "loc": {
          "start": {
            "line": 58,
            "column": 72
          },
          "end": {
            "line": 67,
            "column": 3
          }
        },
        "line": 58
      },
      "3": {
        "name": "(anonymous_3)",
        "decl": {
          "start": {
            "line": 60,
            "column": 27
          },
          "end": {
            "line": 60,
            "column": 28
          }
        },
        "loc": {
          "start": {
            "line": 60,
            "column": 44
          },
          "end": {
            "line": 66,
            "column": 5
          }
        },
        "line": 60
      }
    },
    "branchMap": {
      "0": {
        "loc": {
          "start": {
            "line": 3,
            "column": 20
          },
          "end": {
            "line": 3,
            "column": 97
          }
        },
        "type": "binary-expr",
        "locations": [
          {
            "start": {
              "line": 3,
              "column": 20
            },
            "end": {
              "line": 3,
              "column": 60
            }
          },
          {
            "start": {
              "line": 3,
              "column": 64
            },
            "end": {
              "line": 3,
              "column": 97
            }
          }
        ],
        "line": 3
      },
      "1": {
        "loc": {
          "start": {
            "line": 6,
            "column": 0
          },
          "end": {
            "line": 16,
            "column": 1
          }
        },
        "type": "if",
        "locations": [
          {
            "start": {
              "line": 6,
              "column": 0
            },
            "end": {
              "line": 16,
              "column": 1
            }
          },
          {
            "start": {},
            "end": {}
          }
        ],
        "line": 6
      },
      "2": {
        "loc": {
          "start": {
            "line": 6,
            "column": 4
          },
          "end": {
            "line": 6,
            "column": 35
          }
        },
        "type": "binary-expr",
        "locations": [
          {
            "start": {
              "line": 6,
              "column": 4
            },
            "end": {
              "line": 6,
              "column": 19
            }
          },
          {
            "start": {
              "line": 6,
              "column": 23
            },
            "end": {
              "line": 6,
              "column": 35
            }
          }
        ],
        "line": 6
      },
      "3": {
        "loc": {
          "start": {
            "line": 7,
            "column": 2
          },
          "end": {
            "line": 9,
            "column": 3
          }
        },
        "type": "if",
        "locations": [
          {
            "start": {
              "line": 7,
              "column": 2
            },
            "end": {
              "line": 9,
              "column": 3
            }
          },
          {
            "start": {},
            "end": {}
          }
        ],
        "line": 7
      },
      "4": {
        "loc": {
          "start": {
            "line": 55,
            "column": 0
          },
          "end": {
            "line": 68,
            "column": 1
          }
        },
        "type": "if",
        "locations": [
          {
            "start": {
              "line": 55,
              "column": 0
            },
            "end": {
              "line": 68,
              "column": 1
            }
          },
          {
            "start": {},
            "end": {}
          }
        ],
        "line": 55
      },
      "5": {
        "loc": {
          "start": {
            "line": 55,
            "column": 4
          },
          "end": {
            "line": 55,
            "column": 35
          }
        },
        "type": "binary-expr",
        "locations": [
          {
            "start": {
              "line": 55,
              "column": 4
            },
            "end": {
              "line": 55,
              "column": 19
            }
          },
          {
            "start": {
              "line": 55,
              "column": 23
            },
            "end": {
              "line": 55,
              "column": 35
            }
          }
        ],
        "line": 55
      },
      "6": {
        "loc": {
          "start": {
            "line": 61,
            "column": 6
          },
          "end": {
            "line": 62,
            "column": 15
          }
        },
        "type": "if",
        "locations": [
          {
            "start": {
              "line": 61,
              "column": 6
            },
            "end": {
              "line": 62,
              "column": 15
            }
          },
          {
            "start": {},
            "end": {}
          }
        ],
        "line": 61
      },
      "7": {
        "loc": {
          "start": {
            "line": 64,
            "column": 6
          },
          "end": {
            "line": 65,
            "column": 54
          }
        },
        "type": "if",
        "locations": [
          {
            "start": {
              "line": 64,
              "column": 6
            },
            "end": {
              "line": 65,
              "column": 54
            }
          },
          {
            "start": {},
            "end": {}
          }
        ],
        "line": 64
      }
    },
    "s": {
      "0": 2,
      "1": 2,
      "2": 2,
      "3": 0,
      "4": 2,
      "5": 2,
      "6": 2,
      "7": 2,
      "8": 2,
      "9": 2,
      "10": 6,
      "11": 2,
      "12": 2,
      "13": 2,
      "14": 2,
      "15": 2,
      "16": 2,
      "17": 2,
      "18": 2,
      "19": 0,
      "20": 0,
      "21": 0,
      "22": 0,
      "23": 0
    },
    "f": {
      "0": 2,
      "1": 6,
      "2": 2,
      "3": 0
    },
    "b": {
      "0": [
        2,
        0
      ],
      "1": [
        2,
        0
      ],
      "2": [
        2,
        2
      ],
      "3": [
        0,
        2
      ],
      "4": [
        2,
        0
      ],
      "5": [
        2,
        2
      ],
      "6": [
        0,
        0
      ],
      "7": [
        0,
        0
      ]
    },
    "inputSourceMap": {
      "version": 3,
      "mappings": "AAkBU;AAlBV,2BAAyB;AAAa;AAAA;AAAA;AAAA;AAAA;AAAA;AAAA;AAAA;AAAA;AAAA;AAAA;AAAA;AAAA;AAAA;AAAA;AAEtC,SAASA,aAAaC,qBAAqB;AAC3C,SAASC,aAAaC,2BAA2B;AAEjD,OAAOC,WAAW;AAClB,SAASC,aAAa;AAEtB,OAAO;AACP,MAAMC,cAAc,IAAIJ,YAAY;AAEpC,OAAOK,YAAY;AAEnB,SAASC,MAAM;AACb,SACE,uBAAC,YAAS,OACR,iCAAC,uBAAoB,QAAQF,aAC3B,iCAAC,iBAAc,OACb;AAAA,2BAAC,iBAAD;AAAA;AAAA;AAAA;AAAA,WAAY;AAAA,IACZ,uBAAC,YAAD;AAAA;AAAA;AAAA;AAAA,WAAO;AAAA,OAFT;AAAA;AAAA;AAAA;AAAA,SAGA,KAJF;AAAA;AAAA;AAAA;AAAA,SAKA,KANF;AAAA;AAAA;AAAA;AAAA,SAOA;AAEJ;AAACG,KAXQD;AAaT,eAAeA;AAAI,IAAAC;AAAAC,aAAAD,IAAA",
      "names": [
        "CssBaseline",
        "ThemeProvider",
        "QueryClient",
        "QueryClientProvider",
        "theme",
        "store",
        "queryClient",
        "Router",
        "App",
        "_c",
        "$RefreshReg$"
      ],
      "sources": [
        "C:/Users/Doug/dev/cicd/ui/src/App.tsx"
      ],
      "file": "C:/Users/Doug/dev/cicd/ui/src/App.tsx"
    },
    "_coverageSchema": "1a1c01bbd47fc00a2c39e90264f33305004495a9",
    "hash": "51dad0e272b1d60e4e57b029ae7964aa8741e0a5"
  },
  "C:/Users/Doug/dev/cicd/ui/src/main.tsx": {
    "path": "C:/Users/Doug/dev/cicd/ui/src/main.tsx",
    "statementMap": {
      "0": {
        "start": {
          "line": 5,
          "column": 0
        },
        "end": {
          "line": 15,
          "column": 2
        }
      }
    },
    "fnMap": {},
    "branchMap": {},
    "s": {
      "0": 2
    },
    "f": {},
    "b": {},
    "inputSourceMap": {
      "version": 3,
      "mappings": "AAQI;AARJ,OAAOA,WAAW;AAElB,OAAOC,cAAc;AAErB,OAAOC,SAAS;AAEhBD,SAASE,WAAWC,SAASC,eAAe,MAAM,CAAE,EAAEC;AAAAA,EACpD,uBAAC,MAAM,YAAN,EACC,iCAAC,SAAD;AAAA;AAAA;AAAA;AAAA,SAAI,KADN;AAAA;AAAA;AAAA;AAAA,SAEA;AACF",
      "names": [
        "React",
        "ReactDOM",
        "App",
        "createRoot",
        "document",
        "getElementById",
        "render"
      ],
      "sources": [
        "C:/Users/Doug/dev/cicd/ui/src/main.tsx"
      ],
      "file": "C:/Users/Doug/dev/cicd/ui/src/main.tsx"
    },
    "_coverageSchema": "1a1c01bbd47fc00a2c39e90264f33305004495a9",
    "hash": "c35ef723cd5ac244f2e66e852483086e89cbf764"
  },
  "C:/Users/Doug/dev/cicd/ui/src/components/CounterButton/CounterButton.cy.component.test.tsx": {
    "path": "C:/Users/Doug/dev/cicd/ui/src/components/CounterButton/CounterButton.cy.component.test.tsx",
    "statementMap": {
      "0": {
        "start": {
          "line": 4,
          "column": 0
        },
        "end": {
          "line": 60,
          "column": 3
        }
      },
      "1": {
        "start": {
          "line": 5,
          "column": 2
        },
        "end": {
          "line": 17,
          "column": 5
        }
      },
      "2": {
        "start": {
          "line": 6,
          "column": 4
        },
        "end": {
          "line": 12,
          "column": 7
        }
      },
      "3": {
        "start": {
          "line": 13,
          "column": 4
        },
        "end": {
          "line": 16,
          "column": 6
        }
      },
      "4": {
        "start": {
          "line": 18,
          "column": 2
        },
        "end": {
          "line": 31,
          "column": 5
        }
      },
      "5": {
        "start": {
          "line": 19,
          "column": 4
        },
        "end": {
          "line": 25,
          "column": 7
        }
      },
      "6": {
        "start": {
          "line": 26,
          "column": 4
        },
        "end": {
          "line": 26,
          "column": 54
        }
      },
      "7": {
        "start": {
          "line": 27,
          "column": 4
        },
        "end": {
          "line": 30,
          "column": 6
        }
      },
      "8": {
        "start": {
          "line": 32,
          "column": 2
        },
        "end": {
          "line": 45,
          "column": 5
        }
      },
      "9": {
        "start": {
          "line": 33,
          "column": 4
        },
        "end": {
          "line": 39,
          "column": 7
        }
      },
      "10": {
        "start": {
          "line": 40,
          "column": 4
        },
        "end": {
          "line": 40,
          "column": 54
        }
      },
      "11": {
        "start": {
          "line": 41,
          "column": 4
        },
        "end": {
          "line": 44,
          "column": 6
        }
      },
      "12": {
        "start": {
          "line": 46,
          "column": 2
        },
        "end": {
          "line": 59,
          "column": 5
        }
      },
      "13": {
        "start": {
          "line": 47,
          "column": 4
        },
        "end": {
          "line": 53,
          "column": 7
        }
      },
      "14": {
        "start": {
          "line": 54,
          "column": 4
        },
        "end": {
          "line": 54,
          "column": 56
        }
      },
      "15": {
        "start": {
          "line": 55,
          "column": 4
        },
        "end": {
          "line": 58,
          "column": 6
        }
      }
    },
    "fnMap": {
      "0": {
        "name": "(anonymous_0)",
        "decl": {
          "start": {
            "line": 4,
            "column": 26
          },
          "end": {
            "line": 4,
            "column": 27
          }
        },
        "loc": {
          "start": {
            "line": 4,
            "column": 32
          },
          "end": {
            "line": 60,
            "column": 1
          }
        },
        "line": 4
      },
      "1": {
        "name": "(anonymous_1)",
        "decl": {
          "start": {
            "line": 5,
            "column": 34
          },
          "end": {
            "line": 5,
            "column": 35
          }
        },
        "loc": {
          "start": {
            "line": 5,
            "column": 40
          },
          "end": {
            "line": 17,
            "column": 3
          }
        },
        "line": 5
      },
      "2": {
        "name": "(anonymous_2)",
        "decl": {
          "start": {
            "line": 18,
            "column": 19
          },
          "end": {
            "line": 18,
            "column": 20
          }
        },
        "loc": {
          "start": {
            "line": 18,
            "column": 25
          },
          "end": {
            "line": 31,
            "column": 3
          }
        },
        "line": 18
      },
      "3": {
        "name": "(anonymous_3)",
        "decl": {
          "start": {
            "line": 32,
            "column": 19
          },
          "end": {
            "line": 32,
            "column": 20
          }
        },
        "loc": {
          "start": {
            "line": 32,
            "column": 25
          },
          "end": {
            "line": 45,
            "column": 3
          }
        },
        "line": 32
      },
      "4": {
        "name": "(anonymous_4)",
        "decl": {
          "start": {
            "line": 46,
            "column": 26
          },
          "end": {
            "line": 46,
            "column": 27
          }
        },
        "loc": {
          "start": {
            "line": 46,
            "column": 32
          },
          "end": {
            "line": 59,
            "column": 3
          }
        },
        "line": 46
      }
    },
    "branchMap": {},
    "s": {
      "0": 5,
      "1": 5,
      "2": 5,
      "3": 5,
      "4": 5,
      "5": 4,
      "6": 4,
      "7": 4,
      "8": 5,
      "9": 3,
      "10": 3,
      "11": 3,
      "12": 5,
      "13": 2,
      "14": 2,
      "15": 2
    },
    "f": {
      "0": 5,
      "1": 5,
      "2": 4,
      "3": 3,
      "4": 2
    },
    "b": {},
    "inputSourceMap": {
      "version": 3,
      "sources": [
        "C:/Users/Doug/dev/cicd/ui/src/components/CounterButton/CounterButton.cy.component.test.tsx"
      ],
      "mappings": "AAKa;AALb,SAAS,kBAAkB;AAC3B,OAAO,mBAAmB;AAE1B,SAAS,iBAAiB,MAAM;AAC9B,KAAG,6BAA6B,MAAM;AACpC,OAAG,MAAM,uBAAC,mBAAD;AAAA;AAAA;AAAA;AAAA,WAAe,GAAI;AAAA,MAC1B,YAAY,WAAW,EAAE,SAAS,EAAE,OAAO,EAAE,EAAE,CAAC;AAAA,IAClD,CAAC;AACD,OAAG,IAAI,4BAA4B,EAAE;AAAA,MACnC;AAAA,MACA;AAAA,IACF;AAAA,EACF,CAAC;AAED,KAAG,cAAc,MAAM;AACrB,OAAG,MAAM,uBAAC,mBAAD;AAAA;AAAA;AAAA;AAAA,WAAe,GAAI;AAAA,MAC1B,YAAY,WAAW,EAAE,SAAS,EAAE,OAAO,EAAE,EAAE,CAAC;AAAA,IAClD,CAAC;AACD,OAAG,IAAI,iCAAiC,EAAE,MAAM;AAChD,OAAG,IAAI,4BAA4B,EAAE;AAAA,MACnC;AAAA,MACA;AAAA,IACF;AAAA,EACF,CAAC;AAED,KAAG,cAAc,MAAM;AACrB,OAAG,MAAM,uBAAC,mBAAD;AAAA;AAAA;AAAA;AAAA,WAAe,GAAI;AAAA,MAC1B,YAAY,WAAW,EAAE,SAAS,EAAE,OAAO,EAAE,EAAE,CAAC;AAAA,IAClD,CAAC;AACD,OAAG,IAAI,iCAAiC,EAAE,MAAM;AAChD,OAAG,IAAI,4BAA4B,EAAE;AAAA,MACnC;AAAA,MACA;AAAA,IACF;AAAA,EACF,CAAC;AAED,KAAG,qBAAqB,MAAM;AAC5B,OAAG,MAAM,uBAAC,mBAAD;AAAA;AAAA;AAAA;AAAA,WAAe,GAAI;AAAA,MAC1B,YAAY,WAAW,EAAE,SAAS,EAAE,OAAO,EAAE,EAAE,CAAC;AAAA,IAClD,CAAC;AACD,OAAG,IAAI,mCAAmC,EAAE,MAAM;AAClD,OAAG,IAAI,4BAA4B,EAAE;AAAA,MACnC;AAAA,MACA;AAAA,IACF;AAAA,EACF,CAAC;AACH,CAAC;",
      "names": []
    },
    "_coverageSchema": "1a1c01bbd47fc00a2c39e90264f33305004495a9",
    "hash": "2e8fa312649eabb19867a7e14638cfea77e064e2"
  },
  "C:/Users/Doug/dev/cicd/ui/src/mock/mockUsers.ts": {
    "path": "C:/Users/Doug/dev/cicd/ui/src/mock/mockUsers.ts",
    "statementMap": {},
    "fnMap": {},
    "branchMap": {},
    "s": {},
    "f": {},
    "b": {}
  },
  "C:/Users/Doug/dev/cicd/ui/src/components/DataTable/DataTable.interfaces.ts": {
    "path": "C:/Users/Doug/dev/cicd/ui/src/components/DataTable/DataTable.interfaces.ts",
    "statementMap": {},
    "fnMap": {},
    "branchMap": {},
    "s": {},
    "f": {},
    "b": {}
  },
  "C:/Users/Doug/dev/cicd/ui/src/components/DisplayCard/DisplayCard.interfaces.ts": {
    "path": "C:/Users/Doug/dev/cicd/ui/src/components/DisplayCard/DisplayCard.interfaces.ts",
    "statementMap": {},
    "fnMap": {},
    "branchMap": {},
    "s": {},
    "f": {},
    "b": {}
  },
  "C:/Users/Doug/dev/cicd/ui/src/components/Layout/Layout.interfaces.ts": {
    "path": "C:/Users/Doug/dev/cicd/ui/src/components/Layout/Layout.interfaces.ts",
    "statementMap": {},
    "fnMap": {},
    "branchMap": {},
    "s": {},
    "f": {},
    "b": {}
  },
  "C:/Users/Doug/dev/cicd/ui/src/store/reducers/ApiReducer/ApiReducer.ts": {
    "path": "C:/Users/Doug/dev/cicd/ui/src/store/reducers/ApiReducer/ApiReducer.ts",
    "statementMap": {},
    "fnMap": {},
    "branchMap": {},
    "s": {},
    "f": {},
    "b": {}
  },
  "C:/Users/Doug/dev/cicd/ui/src/store/reducers/ApiReducer/ApiReducerActions.ts": {
    "path": "C:/Users/Doug/dev/cicd/ui/src/store/reducers/ApiReducer/ApiReducerActions.ts",
    "statementMap": {},
    "fnMap": {},
    "branchMap": {},
    "s": {},
    "f": {},
    "b": {}
  },
  "C:/Users/Doug/dev/cicd/ui/src/store/reducers/CounterReducer/CounterReducer.vitest.unit.test.ts": {
    "path": "C:/Users/Doug/dev/cicd/ui/src/store/reducers/CounterReducer/CounterReducer.vitest.unit.test.ts",
    "statementMap": {},
    "fnMap": {},
    "branchMap": {},
    "s": {},
    "f": {},
    "b": {}
  },
  "C:/Users/Doug/dev/cicd/ui/src/components/DataTable/DataTable.cy.component.test.tsx": {
    "path": "C:/Users/Doug/dev/cicd/ui/src/components/DataTable/DataTable.cy.component.test.tsx",
    "statementMap": {},
    "fnMap": {},
    "branchMap": {},
    "s": {},
    "f": {},
    "b": {}
  },
  "C:/Users/Doug/dev/cicd/ui/src/components/DisplayCard/DisplayCard.vitest.component.test.tsx": {
    "path": "C:/Users/Doug/dev/cicd/ui/src/components/DisplayCard/DisplayCard.vitest.component.test.tsx",
    "statementMap": {},
    "fnMap": {},
    "branchMap": {},
    "s": {},
    "f": {},
    "b": {}
  },
  "C:/Users/Doug/dev/cicd/ui/src/hooks/useData/useData.vitest.hook.test.tsx": {
    "path": "C:/Users/Doug/dev/cicd/ui/src/hooks/useData/useData.vitest.hook.test.tsx",
    "statementMap": {},
    "fnMap": {},
    "branchMap": {},
    "s": {},
    "f": {},
    "b": {}
  }
}
