<?xml version="1.0" encoding="UTF-8"?>
<coverage generated="1701293530992" clover="3.2.0">
  <project timestamp="1701293530992" name="All files">
    <metrics statements="108" coveredstatements="98" conditionals="39" coveredconditionals="34" methods="44" coveredmethods="37" elements="191" coveredelements="169" complexity="0" loc="108" ncloc="108" packages="14" files="25" classes="25"/>
    <package name="src">
      <metrics statements="11" coveredstatements="11" conditionals="8" coveredconditionals="7" methods="4" coveredmethods="4"/>
      <file name="App.tsx" path="C:/Users/Doug/dev/cicd/ui/src/App.tsx">
        <metrics statements="5" coveredstatements="5" conditionals="3" coveredconditionals="3" methods="2" coveredmethods="2"/>
        <line num="1" count="16" type="cond" truecount="3" falsecount="0"/>
        <line num="10" count="2" type="stmt"/>
        <line num="15" count="6" type="stmt"/>
        <line num="25" count="2" type="stmt"/>
        <line num="27" count="2" type="stmt"/>
      </file>
      <file name="Router.tsx" path="C:/Users/Doug/dev/cicd/ui/src/Router.tsx">
        <metrics statements="5" coveredstatements="5" conditionals="5" coveredconditionals="4" methods="2" coveredmethods="2"/>
        <line num="1" count="14" type="cond" truecount="4" falsecount="1"/>
        <line num="7" count="2" type="stmt"/>
        <line num="8" count="6" type="stmt"/>
        <line num="24" count="2" type="stmt"/>
        <line num="25" count="2" type="stmt"/>
      </file>
      <file name="main.tsx" path="C:/Users/Doug/dev/cicd/ui/src/main.tsx">
        <metrics statements="1" coveredstatements="1" conditionals="0" coveredconditionals="0" methods="0" coveredmethods="0"/>
        <line num="7" count="2" type="stmt"/>
      </file>
    </package>
    <package name="src.assets">
      <metrics statements="1" coveredstatements="1" conditionals="0" coveredconditionals="0" methods="0" coveredmethods="0"/>
      <file name="theme.tsx" path="C:/Users/Doug/dev/cicd/ui/src/assets/theme.tsx">
        <metrics statements="1" coveredstatements="1" conditionals="0" coveredconditionals="0" methods="0" coveredmethods="0"/>
        <line num="3" count="2" type="stmt"/>
      </file>
    </package>
    <package name="src.components.CounterButton">
      <metrics statements="31" coveredstatements="27" conditionals="3" coveredconditionals="3" methods="13" coveredmethods="11"/>
      <file name="CounterButton.cy.component.test.tsx" path="C:/Users/Doug/dev/cicd/ui/src/components/CounterButton/CounterButton.cy.component.test.tsx">
        <metrics statements="16" coveredstatements="16" conditionals="0" coveredconditionals="0" methods="5" coveredmethods="5"/>
        <line num="4" count="5" type="stmt"/>
        <line num="5" count="5" type="stmt"/>
        <line num="6" count="5" type="stmt"/>
        <line num="9" count="5" type="stmt"/>
        <line num="15" count="5" type="stmt"/>
        <line num="16" count="4" type="stmt"/>
        <line num="19" count="4" type="stmt"/>
        <line num="20" count="4" type="stmt"/>
        <line num="26" count="5" type="stmt"/>
        <line num="27" count="3" type="stmt"/>
        <line num="30" count="3" type="stmt"/>
        <line num="31" count="3" type="stmt"/>
        <line num="37" count="5" type="stmt"/>
        <line num="38" count="2" type="stmt"/>
        <line num="41" count="2" type="stmt"/>
        <line num="42" count="2" type="stmt"/>
      </file>
      <file name="CounterButton.tsx" path="C:/Users/Doug/dev/cicd/ui/src/components/CounterButton/CounterButton.tsx">
        <metrics statements="15" coveredstatements="11" conditionals="3" coveredconditionals="3" methods="8" coveredmethods="6"/>
        <line num="1" count="214" type="cond" truecount="3" falsecount="0"/>
        <line num="12" count="27" type="stmt"/>
        <line num="13" count="4" type="stmt"/>
        <line num="15" count="4" type="stmt"/>
        <line num="16" count="8" type="stmt"/>
        <line num="18" count="4" type="stmt"/>
        <line num="19" count="0" type="stmt"/>
        <line num="21" count="4" type="stmt"/>
        <line num="22" count="0" type="stmt"/>
        <line num="24" count="4" type="stmt"/>
        <line num="25" count="0" type="stmt"/>
        <line num="28" count="4" type="stmt"/>
        <line num="62" count="0" type="stmt"/>
        <line num="69" count="2" type="stmt"/>
        <line num="70" count="2" type="stmt"/>
      </file>
    </package>
    <package name="src.components.DataTable">
      <metrics statements="10" coveredstatements="8" conditionals="7" coveredconditionals="6" methods="6" coveredmethods="4"/>
      <file name="DataTable.cy.component.test.tsx" path="C:/Users/Doug/dev/cicd/ui/src/components/DataTable/DataTable.cy.component.test.tsx">
        <metrics statements="0" coveredstatements="0" conditionals="0" coveredconditionals="0" methods="0" coveredmethods="0"/>
      </file>
      <file name="DataTable.interfaces.ts" path="C:/Users/Doug/dev/cicd/ui/src/components/DataTable/DataTable.interfaces.ts">
        <metrics statements="0" coveredstatements="0" conditionals="0" coveredconditionals="0" methods="0" coveredmethods="0"/>
      </file>
      <file name="DataTable.tsx" path="C:/Users/Doug/dev/cicd/ui/src/components/DataTable/DataTable.tsx">
        <metrics statements="10" coveredstatements="8" conditionals="7" coveredconditionals="6" methods="6" coveredmethods="4"/>
        <line num="1" count="16" type="cond" truecount="4" falsecount="1"/>
        <line num="12" count="10" type="stmt"/>
        <line num="13" count="10" type="stmt"/>
        <line num="15" count="8" type="stmt"/>
        <line num="16" count="8" type="stmt"/>
        <line num="30" count="16" type="stmt"/>
        <line num="36" count="0" type="stmt"/>
        <line num="39" count="0" type="stmt"/>
        <line num="51" count="2" type="stmt"/>
        <line num="52" count="2" type="stmt"/>
      </file>
    </package>
    <package name="src.components.DisplayCard">
      <metrics statements="6" coveredstatements="6" conditionals="3" coveredconditionals="3" methods="2" coveredmethods="2"/>
      <file name="DisplayCard.interfaces.ts" path="C:/Users/Doug/dev/cicd/ui/src/components/DisplayCard/DisplayCard.interfaces.ts">
        <metrics statements="0" coveredstatements="0" conditionals="0" coveredconditionals="0" methods="0" coveredmethods="0"/>
      </file>
      <file name="DisplayCard.tsx" path="C:/Users/Doug/dev/cicd/ui/src/components/DisplayCard/DisplayCard.tsx">
        <metrics statements="6" coveredstatements="6" conditionals="3" coveredconditionals="3" methods="2" coveredmethods="2"/>
        <line num="1" count="16" type="cond" truecount="3" falsecount="0"/>
        <line num="5" count="2" type="stmt"/>
        <line num="6" count="10" type="stmt"/>
        <line num="7" count="8" type="stmt"/>
        <line num="18" count="2" type="stmt"/>
        <line num="19" count="2" type="stmt"/>
      </file>
      <file name="DisplayCard.vitest.component.test.tsx" path="C:/Users/Doug/dev/cicd/ui/src/components/DisplayCard/DisplayCard.vitest.component.test.tsx">
        <metrics statements="0" coveredstatements="0" conditionals="0" coveredconditionals="0" methods="0" coveredmethods="0"/>
      </file>
    </package>
    <package name="src.components.Layout">
      <metrics statements="12" coveredstatements="11" conditionals="5" coveredconditionals="4" methods="6" coveredmethods="5"/>
      <file name="Layout.interfaces.ts" path="C:/Users/Doug/dev/cicd/ui/src/components/Layout/Layout.interfaces.ts">
        <metrics statements="0" coveredstatements="0" conditionals="0" coveredconditionals="0" methods="0" coveredmethods="0"/>
      </file>
      <file name="Layout.tsx" path="C:/Users/Doug/dev/cicd/ui/src/components/Layout/Layout.tsx">
        <metrics statements="12" coveredstatements="11" conditionals="5" coveredconditionals="4" methods="6" coveredmethods="5"/>
        <line num="1" count="16" type="cond" truecount="4" falsecount="1"/>
        <line num="17" count="2" type="stmt"/>
        <line num="19" count="10" type="stmt"/>
        <line num="20" count="10" type="stmt"/>
        <line num="21" count="8" type="stmt"/>
        <line num="22" count="8" type="stmt"/>
        <line num="23" count="8" type="stmt"/>
        <line num="28" count="8" type="stmt"/>
        <line num="55" count="0" type="stmt"/>
        <line num="69" count="2" type="stmt"/>
        <line num="88" count="2" type="stmt"/>
        <line num="89" count="2" type="stmt"/>
      </file>
    </package>
    <package name="src.hooks.redux">
      <metrics statements="2" coveredstatements="2" conditionals="0" coveredconditionals="0" methods="0" coveredmethods="0"/>
      <file name="redux.tsx" path="C:/Users/Doug/dev/cicd/ui/src/hooks/redux/redux.tsx">
        <metrics statements="2" coveredstatements="2" conditionals="0" coveredconditionals="0" methods="0" coveredmethods="0"/>
        <line num="8" count="7" type="stmt"/>
        <line num="9" count="7" type="stmt"/>
      </file>
    </package>
    <package name="src.hooks.useData">
      <metrics statements="14" coveredstatements="11" conditionals="5" coveredconditionals="4" methods="4" coveredmethods="3"/>
      <file name="useData.tsx" path="C:/Users/Doug/dev/cicd/ui/src/hooks/useData/useData.tsx">
        <metrics statements="14" coveredstatements="11" conditionals="5" coveredconditionals="4" methods="4" coveredmethods="3"/>
        <line num="1" count="14" type="cond" truecount="4" falsecount="1"/>
        <line num="3" count="8" type="stmt"/>
        <line num="4" count="8" type="stmt"/>
        <line num="5" count="8" type="stmt"/>
        <line num="7" count="8" type="stmt"/>
        <line num="8" count="4" type="stmt"/>
        <line num="9" count="4" type="stmt"/>
        <line num="10" count="0" type="stmt"/>
        <line num="11" count="0" type="stmt"/>
        <line num="12" count="0" type="stmt"/>
        <line num="15" count="8" type="stmt"/>
        <line num="16" count="4" type="stmt"/>
        <line num="19" count="8" type="stmt"/>
        <line num="20" count="2" type="stmt"/>
      </file>
      <file name="useData.vitest.hook.test.tsx" path="C:/Users/Doug/dev/cicd/ui/src/hooks/useData/useData.vitest.hook.test.tsx">
        <metrics statements="0" coveredstatements="0" conditionals="0" coveredconditionals="0" methods="0" coveredmethods="0"/>
      </file>
    </package>
    <package name="src.mock">
      <metrics statements="0" coveredstatements="0" conditionals="0" coveredconditionals="0" methods="0" coveredmethods="0"/>
      <file name="mockUsers.ts" path="C:/Users/Doug/dev/cicd/ui/src/mock/mockUsers.ts">
        <metrics statements="0" coveredstatements="0" conditionals="0" coveredconditionals="0" methods="0" coveredmethods="0"/>
      </file>
    </package>
    <package name="src.store">
      <metrics statements="4" coveredstatements="4" conditionals="0" coveredconditionals="0" methods="1" coveredmethods="1"/>
      <file name="store.ts" path="C:/Users/Doug/dev/cicd/ui/src/store/store.ts">
        <metrics statements="4" coveredstatements="4" conditionals="0" coveredconditionals="0" methods="1" coveredmethods="1"/>
        <line num="7" count="7" type="stmt"/>
        <line num="10" count="7" type="stmt"/>
        <line num="11" count="21" type="stmt"/>
        <line num="21" count="7" type="stmt"/>
      </file>
    </package>
    <package name="src.store.reducers.ApiReducer">
      <metrics statements="0" coveredstatements="0" conditionals="0" coveredconditionals="0" methods="0" coveredmethods="0"/>
      <file name="ApiReducer.ts" path="C:/Users/Doug/dev/cicd/ui/src/store/reducers/ApiReducer/ApiReducer.ts">
        <metrics statements="0" coveredstatements="0" conditionals="0" coveredconditionals="0" methods="0" coveredmethods="0"/>
      </file>
      <file name="ApiReducerActions.ts" path="C:/Users/Doug/dev/cicd/ui/src/store/reducers/ApiReducer/ApiReducerActions.ts">
        <metrics statements="0" coveredstatements="0" conditionals="0" coveredconditionals="0" methods="0" coveredmethods="0"/>
      </file>
    </package>
    <package name="src.store.reducers.CounterReducer">
      <metrics statements="7" coveredstatements="7" conditionals="0" coveredconditionals="0" methods="4" coveredmethods="3"/>
      <file name="CounterReducer.ts" path="C:/Users/Doug/dev/cicd/ui/src/store/reducers/CounterReducer/CounterReducer.ts">
        <metrics statements="7" coveredstatements="7" conditionals="0" coveredconditionals="0" methods="4" coveredmethods="3"/>
        <line num="11" count="7" type="stmt"/>
        <line num="15" count="7" type="stmt"/>
        <line num="20" count="4" type="stmt"/>
        <line num="23" count="3" type="stmt"/>
        <line num="26" count="2" type="stmt"/>
        <line num="31" count="7" type="stmt"/>
        <line num="33" count="7" type="stmt"/>
      </file>
      <file name="CounterReducer.vitest.unit.test.ts" path="C:/Users/Doug/dev/cicd/ui/src/store/reducers/CounterReducer/CounterReducer.vitest.unit.test.ts">
        <metrics statements="0" coveredstatements="0" conditionals="0" coveredconditionals="0" methods="0" coveredmethods="0"/>
      </file>
    </package>
    <package name="src.views.Data">
      <metrics statements="5" coveredstatements="5" conditionals="3" coveredconditionals="3" methods="2" coveredmethods="2"/>
      <file name="Data.tsx" path="C:/Users/Doug/dev/cicd/ui/src/views/Data/Data.tsx">
        <metrics statements="5" coveredstatements="5" conditionals="3" coveredconditionals="3" methods="2" coveredmethods="2"/>
        <line num="1" count="16" type="cond" truecount="3" falsecount="0"/>
        <line num="3" count="2" type="stmt"/>
        <line num="4" count="6" type="stmt"/>
        <line num="17" count="2" type="stmt"/>
        <line num="18" count="2" type="stmt"/>
      </file>
    </package>
    <package name="src.views.Home">
      <metrics statements="5" coveredstatements="5" conditionals="5" coveredconditionals="4" methods="2" coveredmethods="2"/>
      <file name="Home.tsx" path="C:/Users/Doug/dev/cicd/ui/src/views/Home/Home.tsx">
        <metrics statements="5" coveredstatements="5" conditionals="5" coveredconditionals="4" methods="2" coveredmethods="2"/>
        <line num="1" count="14" type="cond" truecount="4" falsecount="1"/>
        <line num="3" count="2" type="stmt"/>
        <line num="4" count="4" type="stmt"/>
        <line num="11" count="2" type="stmt"/>
        <line num="12" count="2" type="stmt"/>
      </file>
    </package>
  </project>
</coverage>
