TN:
SF:src\App.tsx
FN:1,(anonymous_0)
FN:14,App
FNF:2
FNH:2
FNDA:2,(anonymous_0)
FNDA:6,App
DA:1,16
DA:10,2
DA:15,6
DA:25,2
DA:27,2
LF:5
LH:5
BRDA:1,0,0,4
BRDA:1,0,1,2
BRDA:1,1,0,2
BRF:3
BRH:3
end_of_record
TN:
SF:src\Router.tsx
FN:1,(anonymous_0)
FN:7,(anonymous_1)
FNF:2
FNH:2
FNDA:2,(anonymous_0)
FNDA:6,(anonymous_1)
DA:1,14
DA:7,2
DA:8,6
DA:24,2
DA:25,2
LF:5
LH:5
BRDA:1,0,0,2
BRDA:1,0,1,0
BRDA:1,1,0,2
BRDA:1,2,0,2
BRDA:1,2,1,2
BRF:5
BRH:4
end_of_record
TN:
SF:src\main.tsx
FNF:0
FNH:0
DA:7,2
LF:1
LH:1
BRF:0
BRH:0
end_of_record
TN:
SF:src\assets\theme.tsx
FNF:0
FNH:0
DA:3,2
LF:1
LH:1
BRF:0
BRH:0
end_of_record
TN:
SF:src\components\CounterButton\CounterButton.cy.component.test.tsx
FN:4,(anonymous_0)
FN:5,(anonymous_1)
FN:15,(anonymous_2)
FN:26,(anonymous_3)
FN:37,(anonymous_4)
FNF:5
FNH:5
FNDA:5,(anonymous_0)
FNDA:5,(anonymous_1)
FNDA:4,(anonymous_2)
FNDA:3,(anonymous_3)
FNDA:2,(anonymous_4)
DA:4,5
DA:5,5
DA:6,5
DA:9,5
DA:15,5
DA:16,4
DA:19,4
DA:20,4
DA:26,5
DA:27,3
DA:30,3
DA:31,3
DA:37,5
DA:38,2
DA:41,2
DA:42,2
LF:16
LH:16
BRF:0
BRH:0
end_of_record
TN:
SF:src\components\CounterButton\CounterButton.tsx
FN:1,(anonymous_0)
FN:12,(anonymous_1)
FN:16,(anonymous_2)
FN:18,(anonymous_3)
FN:21,(anonymous_4)
FN:24,(anonymous_5)
FN:61,(anonymous_6)
FN:12,(anonymous_7)
FNF:8
FNH:6
FNDA:25,(anonymous_0)
FNDA:50,(anonymous_1)
FNDA:12,(anonymous_2)
FNDA:3,(anonymous_3)
FNDA:2,(anonymous_4)
FNDA:0,(anonymous_5)
FNDA:0,(anonymous_6)
FNDA:2,(anonymous_7)
DA:1,214
DA:12,27
DA:13,4
DA:15,4
DA:16,8
DA:18,4
DA:19,0
DA:21,4
DA:22,0
DA:24,4
DA:25,0
DA:28,4
DA:62,0
DA:69,2
DA:70,2
LF:15
LH:11
BRDA:1,0,0,4
BRDA:1,0,1,2
BRDA:1,1,0,2
BRF:3
BRH:3
end_of_record
TN:
SF:src\components\DataTable\DataTable.cy.component.test.tsx
FNF:0
FNH:0
LF:0
LH:0
BRF:0
BRH:0
end_of_record
TN:
SF:src\components\DataTable\DataTable.interfaces.ts
FNF:0
FNH:0
LF:0
LH:0
BRF:0
BRH:0
end_of_record
TN:
SF:src\components\DataTable\DataTable.tsx
FN:1,(anonymous_0)
FN:12,(anonymous_1)
FN:29,(anonymous_2)
FN:35,(anonymous_3)
FN:38,(anonymous_4)
FN:12,(anonymous_5)
FNF:6
FNH:4
FNDA:2,(anonymous_0)
FNDA:10,(anonymous_1)
FNDA:16,(anonymous_2)
FNDA:0,(anonymous_3)
FNDA:0,(anonymous_4)
FNDA:2,(anonymous_5)
DA:1,16
DA:12,10
DA:13,10
DA:15,8
DA:16,8
DA:30,16
DA:36,0
DA:39,0
DA:51,2
DA:52,2
LF:10
LH:8
BRDA:1,0,0,2
BRDA:1,0,1,0
BRDA:1,1,0,2
BRDA:1,2,0,2
BRDA:1,2,1,2
BRDA:18,3,0,4
BRDA:18,3,1,4
BRF:7
BRH:6
end_of_record
TN:
SF:src\components\DisplayCard\DisplayCard.interfaces.ts
FNF:0
FNH:0
LF:0
LH:0
BRF:0
BRH:0
end_of_record
TN:
SF:src\components\DisplayCard\DisplayCard.tsx
FN:1,(anonymous_0)
FN:5,(anonymous_1)
FNF:2
FNH:2
FNDA:2,(anonymous_0)
FNDA:10,(anonymous_1)
DA:1,16
DA:5,2
DA:6,10
DA:7,8
DA:18,2
DA:19,2
LF:6
LH:6
BRDA:1,0,0,4
BRDA:1,0,1,2
BRDA:1,1,0,2
BRF:3
BRH:3
end_of_record
TN:
SF:src\components\DisplayCard\DisplayCard.vitest.component.test.tsx
FNF:0
FNH:0
LF:0
LH:0
BRF:0
BRH:0
end_of_record
TN:
SF:src\components\Layout\Layout.interfaces.ts
FNF:0
FNH:0
LF:0
LH:0
BRF:0
BRH:0
end_of_record
TN:
SF:src\components\Layout\Layout.tsx
FN:1,(anonymous_0)
FN:19,(anonymous_1)
FN:28,(anonymous_2)
FN:54,(anonymous_3)
FN:68,(anonymous_4)
FN:19,(anonymous_5)
FNF:6
FNH:5
FNDA:2,(anonymous_0)
FNDA:10,(anonymous_1)
FNDA:8,(anonymous_2)
FNDA:0,(anonymous_3)
FNDA:2,(anonymous_4)
FNDA:2,(anonymous_5)
DA:1,16
DA:17,2
DA:19,10
DA:20,10
DA:21,8
DA:22,8
DA:23,8
DA:28,8
DA:55,0
DA:69,2
DA:88,2
DA:89,2
LF:12
LH:11
BRDA:1,0,0,2
BRDA:1,0,1,0
BRDA:1,1,0,2
BRDA:1,2,0,2
BRDA:1,2,1,2
BRF:5
BRH:4
end_of_record
TN:
SF:src\hooks\redux\redux.tsx
FNF:0
FNH:0
DA:8,7
DA:9,7
LF:2
LH:2
BRF:0
BRH:0
end_of_record
TN:
SF:src\hooks\useData\useData.tsx
FN:1,(anonymous_0)
FN:3,(anonymous_1)
FN:7,(anonymous_2)
FN:15,(anonymous_3)
FNF:4
FNH:3
FNDA:0,(anonymous_0)
FNDA:8,(anonymous_1)
FNDA:4,(anonymous_2)
FNDA:4,(anonymous_3)
DA:1,14
DA:3,8
DA:4,8
DA:5,8
DA:7,8
DA:8,4
DA:9,4
DA:10,0
DA:11,0
DA:12,0
DA:15,8
DA:16,4
DA:19,8
DA:20,2
LF:14
LH:11
BRDA:1,0,0,2
BRDA:1,0,1,0
BRDA:1,1,0,2
BRDA:1,2,0,2
BRDA:1,2,1,2
BRF:5
BRH:4
end_of_record
TN:
SF:src\hooks\useData\useData.vitest.hook.test.tsx
FNF:0
FNH:0
LF:0
LH:0
BRF:0
BRH:0
end_of_record
TN:
SF:src\mock\mockUsers.ts
FNF:0
FNH:0
LF:0
LH:0
BRF:0
BRH:0
end_of_record
TN:
SF:src\store\store.ts
FN:10,(anonymous_0)
FNF:1
FNH:1
FNDA:21,(anonymous_0)
DA:7,7
DA:10,7
DA:11,21
DA:21,7
LF:4
LH:4
BRF:0
BRH:0
end_of_record
TN:
SF:src\store\reducers\ApiReducer\ApiReducer.ts
FNF:0
FNH:0
LF:0
LH:0
BRF:0
BRH:0
end_of_record
TN:
SF:src\store\reducers\ApiReducer\ApiReducerActions.ts
FNF:0
FNH:0
LF:0
LH:0
BRF:0
BRH:0
end_of_record
TN:
SF:src\store\reducers\CounterReducer\CounterReducer.ts
FN:19,(anonymous_0)
FN:22,(anonymous_1)
FN:25,(anonymous_2)
FN:33,(anonymous_3)
FNF:4
FNH:3
FNDA:4,(anonymous_0)
FNDA:3,(anonymous_1)
FNDA:2,(anonymous_2)
FNDA:0,(anonymous_3)
DA:11,7
DA:15,7
DA:20,4
DA:23,3
DA:26,2
DA:31,7
DA:33,7
LF:7
LH:7
BRF:0
BRH:0
end_of_record
TN:
SF:src\store\reducers\CounterReducer\CounterReducer.vitest.unit.test.ts
FNF:0
FNH:0
LF:0
LH:0
BRF:0
BRH:0
end_of_record
TN:
SF:src\views\Data\Data.tsx
FN:1,(anonymous_0)
FN:3,(anonymous_1)
FNF:2
FNH:2
FNDA:2,(anonymous_0)
FNDA:6,(anonymous_1)
DA:1,16
DA:3,2
DA:4,6
DA:17,2
DA:18,2
LF:5
LH:5
BRDA:1,0,0,4
BRDA:1,0,1,2
BRDA:1,1,0,2
BRF:3
BRH:3
end_of_record
TN:
SF:src\views\Home\Home.tsx
FN:1,(anonymous_0)
FN:3,(anonymous_1)
FNF:2
FNH:2
FNDA:2,(anonymous_0)
FNDA:4,(anonymous_1)
DA:1,14
DA:3,2
DA:4,4
DA:11,2
DA:12,2
LF:5
LH:5
BRDA:1,0,0,2
BRDA:1,0,1,0
BRDA:1,1,0,2
BRDA:1,2,0,2
BRDA:1,2,1,2
BRF:5
BRH:4
end_of_record
