{"C:/Users/Doug/dev/cicd/ui/src/App.tsx": {"path":"C:/Users/Doug/dev/cicd/ui/src/App.tsx","statementMap":{"0":{"start":{"line":10,"column":20},"end":{"line":10,"column":null}},"1":{"start":{"line":15,"column":2},"end":{"line":23,"column":null}}},"fnMap":{"0":{"name":"App","decl":{"start":{"line":14,"column":9},"end":{"line":14,"column":15}},"loc":{"start":{"line":14,"column":15},"end":{"line":25,"column":null}}}},"branchMap":{},"s":{"0":0,"1":0},"f":{"0":0},"b":{}}
,"C:/Users/Doug/dev/cicd/ui/src/Router.tsx": {"path":"C:/Users/Doug/dev/cicd/ui/src/Router.tsx","statementMap":{"0":{"start":{"line":7,"column":15},"end":{"line":24,"column":null}},"1":{"start":{"line":8,"column":2},"end":{"line":22,"column":null}}},"fnMap":{"0":{"name":"(anonymous_0)","decl":{"start":{"line":7,"column":15},"end":{"line":7,"column":21}},"loc":{"start":{"line":7,"column":21},"end":{"line":24,"column":null}}}},"branchMap":{},"s":{"0":0,"1":0},"f":{"0":0},"b":{}}
,"C:/Users/Doug/dev/cicd/ui/src/main.tsx": {"path":"C:/Users/Doug/dev/cicd/ui/src/main.tsx","statementMap":{"0":{"start":{"line":7,"column":0},"end":{"line":11,"column":null}}},"fnMap":{},"branchMap":{},"s":{"0":0},"f":{},"b":{}}
,"C:/Users/Doug/dev/cicd/ui/src/assets/theme.tsx": {"path":"C:/Users/Doug/dev/cicd/ui/src/assets/theme.tsx","statementMap":{"0":{"start":{"line":3,"column":14},"end":{"line":9,"column":null}}},"fnMap":{},"branchMap":{},"s":{"0":0},"f":{},"b":{}}
,"C:/Users/Doug/dev/cicd/ui/src/components/CounterButton/CounterButton.tsx": {"path":"C:/Users/Doug/dev/cicd/ui/src/components/CounterButton/CounterButton.tsx","statementMap":{"0":{"start":{"line":12,"column":22},"end":{"line":69,"column":null}},"1":{"start":{"line":13,"column":40},"end":{"line":13,"column":null}},"2":{"start":{"line":15,"column":19},"end":{"line":15,"column":null}},"3":{"start":{"line":16,"column":16},"end":{"line":16,"column":null}},"4":{"start":{"line":16,"column":42},"end":{"line":16,"column":61}},"5":{"start":{"line":18,"column":26},"end":{"line":20,"column":null}},"6":{"start":{"line":19,"column":4},"end":{"line":19,"column":null}},"7":{"start":{"line":21,"column":26},"end":{"line":23,"column":null}},"8":{"start":{"line":22,"column":4},"end":{"line":22,"column":null}},"9":{"start":{"line":24,"column":28},"end":{"line":26,"column":null}},"10":{"start":{"line":25,"column":4},"end":{"line":25,"column":null}},"11":{"start":{"line":28,"column":2},"end":{"line":67,"column":null}},"12":{"start":{"line":62,"column":14},"end":{"line":62,"column":null}}},"fnMap":{"0":{"name":"(anonymous_0)","decl":{"start":{"line":12,"column":22},"end":{"line":12,"column":28}},"loc":{"start":{"line":12,"column":28},"end":{"line":69,"column":null}}},"1":{"name":"(anonymous_1)","decl":{"start":{"line":16,"column":31},"end":{"line":16,"column":32}},"loc":{"start":{"line":16,"column":42},"end":{"line":16,"column":61}}},"2":{"name":"(anonymous_2)","decl":{"start":{"line":18,"column":26},"end":{"line":18,"column":32}},"loc":{"start":{"line":18,"column":32},"end":{"line":20,"column":null}}},"3":{"name":"(anonymous_3)","decl":{"start":{"line":21,"column":26},"end":{"line":21,"column":32}},"loc":{"start":{"line":21,"column":32},"end":{"line":23,"column":null}}},"4":{"name":"(anonymous_4)","decl":{"start":{"line":24,"column":28},"end":{"line":24,"column":34}},"loc":{"start":{"line":24,"column":34},"end":{"line":26,"column":null}}},"5":{"name":"(anonymous_5)","decl":{"start":{"line":61,"column":22},"end":{"line":61,"column":23}},"loc":{"start":{"line":61,"column":29},"end":{"line":63,"column":null}}}},"branchMap":{},"s":{"0":0,"1":0,"2":0,"3":0,"4":0,"5":0,"6":0,"7":0,"8":0,"9":0,"10":0,"11":0,"12":0},"f":{"0":0,"1":0,"2":0,"3":0,"4":0,"5":0},"b":{}}
,"C:/Users/Doug/dev/cicd/ui/src/components/DataTable/DataTable.tsx": {"path":"C:/Users/Doug/dev/cicd/ui/src/components/DataTable/DataTable.tsx","statementMap":{"0":{"start":{"line":12,"column":18},"end":{"line":51,"column":null}},"1":{"start":{"line":13,"column":27},"end":{"line":13,"column":null}},"2":{"start":{"line":15,"column":40},"end":{"line":15,"column":null}},"3":{"start":{"line":16,"column":2},"end":{"line":49,"column":null}},"4":{"start":{"line":30,"column":20},"end":{"line":30,"column":null}},"5":{"start":{"line":36,"column":18},"end":{"line":41,"column":null}},"6":{"start":{"line":39,"column":24},"end":{"line":39,"column":null}}},"fnMap":{"0":{"name":"(anonymous_0)","decl":{"start":{"line":12,"column":18},"end":{"line":12,"column":19}},"loc":{"start":{"line":12,"column":45},"end":{"line":51,"column":null}}},"1":{"name":"(anonymous_1)","decl":{"start":{"line":29,"column":31},"end":{"line":29,"column":32}},"loc":{"start":{"line":29,"column":43},"end":{"line":31,"column":19}}},"2":{"name":"(anonymous_2)","decl":{"start":{"line":35,"column":27},"end":{"line":35,"column":28}},"loc":{"start":{"line":35,"column":57},"end":{"line":43,"column":17}}},"3":{"name":"(anonymous_3)","decl":{"start":{"line":38,"column":35},"end":{"line":38,"column":36}},"loc":{"start":{"line":38,"column":47},"end":{"line":40,"column":23}}}},"branchMap":{"0":{"loc":{"start":{"line":18,"column":7},"end":{"line":47,"column":null}},"type":"cond-expr","locations":[{"start":{"line":19,"column":8},"end":{"line":21,"column":null}},{"start":{"line":23,"column":8},"end":{"line":47,"column":null}}]}},"s":{"0":0,"1":0,"2":0,"3":0,"4":0,"5":0,"6":0},"f":{"0":0,"1":0,"2":0,"3":0},"b":{"0":[0,0]}}
,"C:/Users/Doug/dev/cicd/ui/src/components/DisplayCard/DisplayCard.tsx": {"path":"C:/Users/Doug/dev/cicd/ui/src/components/DisplayCard/DisplayCard.tsx","statementMap":{"0":{"start":{"line":5,"column":20},"end":{"line":18,"column":null}},"1":{"start":{"line":6,"column":43},"end":{"line":6,"column":null}},"2":{"start":{"line":7,"column":2},"end":{"line":16,"column":null}}},"fnMap":{"0":{"name":"(anonymous_0)","decl":{"start":{"line":5,"column":20},"end":{"line":5,"column":21}},"loc":{"start":{"line":5,"column":49},"end":{"line":18,"column":null}}}},"branchMap":{},"s":{"0":1,"1":3,"2":3},"f":{"0":3},"b":{}}
,"C:/Users/Doug/dev/cicd/ui/src/components/Layout/Layout.tsx": {"path":"C:/Users/Doug/dev/cicd/ui/src/components/Layout/Layout.tsx","statementMap":{"0":{"start":{"line":17,"column":20},"end":{"line":17,"column":null}},"1":{"start":{"line":19,"column":15},"end":{"line":88,"column":null}},"2":{"start":{"line":20,"column":23},"end":{"line":20,"column":null}},"3":{"start":{"line":21,"column":19},"end":{"line":21,"column":null}},"4":{"start":{"line":22,"column":19},"end":{"line":22,"column":null}},"5":{"start":{"line":23,"column":2},"end":{"line":86,"column":null}},"6":{"start":{"line":28,"column":35},"end":{"line":28,"column":59}},"7":{"start":{"line":55,"column":20},"end":{"line":55,"column":null}},"8":{"start":{"line":69,"column":20},"end":{"line":69,"column":null}}},"fnMap":{"0":{"name":"(anonymous_0)","decl":{"start":{"line":19,"column":15},"end":{"line":19,"column":16}},"loc":{"start":{"line":19,"column":39},"end":{"line":88,"column":null}}},"1":{"name":"(anonymous_1)","decl":{"start":{"line":28,"column":24},"end":{"line":28,"column":25}},"loc":{"start":{"line":28,"column":35},"end":{"line":28,"column":59}}},"2":{"name":"(anonymous_2)","decl":{"start":{"line":54,"column":27},"end":{"line":54,"column":33}},"loc":{"start":{"line":54,"column":33},"end":{"line":56,"column":null}}},"3":{"name":"(anonymous_3)","decl":{"start":{"line":68,"column":27},"end":{"line":68,"column":33}},"loc":{"start":{"line":68,"column":33},"end":{"line":70,"column":null}}}},"branchMap":{},"s":{"0":0,"1":0,"2":0,"3":0,"4":0,"5":0,"6":0,"7":0,"8":0},"f":{"0":0,"1":0,"2":0,"3":0},"b":{}}
,"C:/Users/Doug/dev/cicd/ui/src/hooks/redux/redux.tsx": {"path":"C:/Users/Doug/dev/cicd/ui/src/hooks/redux/redux.tsx","statementMap":{"0":{"start":{"line":8,"column":49},"end":{"line":8,"column":null}},"1":{"start":{"line":9,"column":63},"end":{"line":9,"column":null}}},"fnMap":{},"branchMap":{},"s":{"0":0,"1":0},"f":{},"b":{}}
,"C:/Users/Doug/dev/cicd/ui/src/hooks/useData/useData.tsx": {"path":"C:/Users/Doug/dev/cicd/ui/src/hooks/useData/useData.tsx","statementMap":{"0":{"start":{"line":3,"column":16},"end":{"line":20,"column":null}},"1":{"start":{"line":4,"column":26},"end":{"line":4,"column":null}},"2":{"start":{"line":5,"column":36},"end":{"line":5,"column":null}},"3":{"start":{"line":7,"column":20},"end":{"line":13,"column":null}},"4":{"start":{"line":8,"column":4},"end":{"line":8,"column":null}},"5":{"start":{"line":9,"column":16},"end":{"line":9,"column":null}},"6":{"start":{"line":10,"column":17},"end":{"line":10,"column":null}},"7":{"start":{"line":11,"column":4},"end":{"line":11,"column":null}},"8":{"start":{"line":12,"column":4},"end":{"line":12,"column":null}},"9":{"start":{"line":15,"column":2},"end":{"line":17,"column":null}},"10":{"start":{"line":16,"column":4},"end":{"line":16,"column":null}},"11":{"start":{"line":19,"column":2},"end":{"line":19,"column":null}}},"fnMap":{"0":{"name":"(anonymous_0)","decl":{"start":{"line":3,"column":16},"end":{"line":3,"column":17}},"loc":{"start":{"line":3,"column":33},"end":{"line":20,"column":null}}},"1":{"name":"(anonymous_1)","decl":{"start":{"line":7,"column":20},"end":{"line":7,"column":32}},"loc":{"start":{"line":7,"column":32},"end":{"line":13,"column":null}}},"2":{"name":"(anonymous_2)","decl":{"start":{"line":15,"column":12},"end":{"line":15,"column":18}},"loc":{"start":{"line":15,"column":18},"end":{"line":17,"column":5}}}},"branchMap":{},"s":{"0":1,"1":12,"2":12,"3":12,"4":3,"5":3,"6":3,"7":3,"8":3,"9":12,"10":3,"11":12},"f":{"0":12,"1":3,"2":3},"b":{}}
,"C:/Users/Doug/dev/cicd/ui/src/mock/mockUsers.ts": {"path":"C:/Users/Doug/dev/cicd/ui/src/mock/mockUsers.ts","statementMap":{"0":{"start":{"line":1,"column":21},"end":{"line":232,"column":null}}},"fnMap":{},"branchMap":{},"s":{"0":1},"f":{},"b":{}}
,"C:/Users/Doug/dev/cicd/ui/src/store/store.ts": {"path":"C:/Users/Doug/dev/cicd/ui/src/store/store.ts","statementMap":{"0":{"start":{"line":7,"column":20},"end":{"line":9,"column":null}},"1":{"start":{"line":10,"column":26},"end":{"line":15,"column":null}},"2":{"start":{"line":11,"column":2},"end":{"line":14,"column":null}},"3":{"start":{"line":21,"column":21},"end":{"line":21,"column":null}}},"fnMap":{"0":{"name":"(anonymous_0)","decl":{"start":{"line":10,"column":26},"end":{"line":10,"column":27}},"loc":{"start":{"line":10,"column":74},"end":{"line":15,"column":null}}}},"branchMap":{},"s":{"0":0,"1":0,"2":0,"3":0},"f":{"0":0},"b":{}}
,"C:/Users/Doug/dev/cicd/ui/src/store/reducers/CounterReducer/CounterReducer.ts": {"path":"C:/Users/Doug/dev/cicd/ui/src/store/reducers/CounterReducer/CounterReducer.ts","statementMap":{"0":{"start":{"line":11,"column":35},"end":{"line":13,"column":null}},"1":{"start":{"line":15,"column":28},"end":{"line":29,"column":null}},"2":{"start":{"line":20,"column":6},"end":{"line":20,"column":null}},"3":{"start":{"line":23,"column":6},"end":{"line":23,"column":null}},"4":{"start":{"line":26,"column":6},"end":{"line":26,"column":null}},"5":{"start":{"line":31,"column":59},"end":{"line":31,"column":null}},"6":{"start":{"line":33,"column":27},"end":{"line":33,"column":null}},"7":{"start":{"line":33,"column":49},"end":{"line":33,"column":null}}},"fnMap":{"0":{"name":"(anonymous_0)","decl":{"start":{"line":19,"column":15},"end":{"line":19,"column":16}},"loc":{"start":{"line":19,"column":26},"end":{"line":21,"column":null}}},"1":{"name":"(anonymous_1)","decl":{"start":{"line":22,"column":15},"end":{"line":22,"column":16}},"loc":{"start":{"line":22,"column":26},"end":{"line":24,"column":null}}},"2":{"name":"(anonymous_2)","decl":{"start":{"line":25,"column":23},"end":{"line":25,"column":24}},"loc":{"start":{"line":25,"column":65},"end":{"line":27,"column":null}}},"3":{"name":"(anonymous_3)","decl":{"start":{"line":33,"column":27},"end":{"line":33,"column":28}},"loc":{"start":{"line":33,"column":49},"end":{"line":33,"column":null}}}},"branchMap":{},"s":{"0":1,"1":1,"2":1,"3":1,"4":1,"5":1,"6":1,"7":0},"f":{"0":1,"1":1,"2":1,"3":0},"b":{}}
,"C:/Users/Doug/dev/cicd/ui/src/views/Data/Data.tsx": {"path":"C:/Users/Doug/dev/cicd/ui/src/views/Data/Data.tsx","statementMap":{"0":{"start":{"line":3,"column":13},"end":{"line":17,"column":null}},"1":{"start":{"line":4,"column":2},"end":{"line":15,"column":null}}},"fnMap":{"0":{"name":"(anonymous_0)","decl":{"start":{"line":3,"column":13},"end":{"line":3,"column":19}},"loc":{"start":{"line":3,"column":19},"end":{"line":17,"column":null}}}},"branchMap":{},"s":{"0":0,"1":0},"f":{"0":0},"b":{}}
,"C:/Users/Doug/dev/cicd/ui/src/views/Home/Home.tsx": {"path":"C:/Users/Doug/dev/cicd/ui/src/views/Home/Home.tsx","statementMap":{"0":{"start":{"line":3,"column":13},"end":{"line":11,"column":null}},"1":{"start":{"line":4,"column":2},"end":{"line":9,"column":null}}},"fnMap":{"0":{"name":"(anonymous_0)","decl":{"start":{"line":3,"column":13},"end":{"line":3,"column":19}},"loc":{"start":{"line":3,"column":19},"end":{"line":11,"column":null}}}},"branchMap":{},"s":{"0":0,"1":0},"f":{"0":0},"b":{}}
}
